Analysis & Synthesis report for user_pins
Sat Dec 05 16:33:11 2015
Quartus II 64-Bit Version 13.0.1 Build 232 06/12/2013 Service Pack 1 SJ Full Version


---------------------
; Table of Contents ;
---------------------
  1. Legal Notice
  2. Analysis & Synthesis Summary
  3. Analysis & Synthesis Settings
  4. Parallel Compilation
  5. Analysis & Synthesis Source Files Read
  6. Analysis & Synthesis Resource Usage Summary
  7. Analysis & Synthesis Resource Utilization by Entity
  8. Analysis & Synthesis RAM Summary
  9. User-Specified and Inferred Latches
 10. General Register Statistics
 11. Source assignments for g24_possibility_table:table|altsyncram:table_memory[0]__1|altsyncram_cug1:auto_generated
 12. Parameter Settings for User Entity Instance: g24_mastermind_score:master_score|g24_color_matches:cm|lpm_decode:ld1
 13. Parameter Settings for User Entity Instance: g24_mastermind_score:master_score|g24_color_matches:cm|lpm_decode:ld2
 14. Parameter Settings for User Entity Instance: g24_mastermind_score:master_score|g24_color_matches:cm|lpm_decode:ld3
 15. Parameter Settings for User Entity Instance: g24_mastermind_score:master_score|g24_color_matches:cm|lpm_decode:ld4
 16. Parameter Settings for User Entity Instance: g24_mastermind_score:master_score|g24_color_matches:cm|lpm_decode:ld5
 17. Parameter Settings for User Entity Instance: g24_mastermind_score:master_score|g24_color_matches:cm|lpm_decode:ld6
 18. Parameter Settings for User Entity Instance: g24_mastermind_score:master_score|g24_color_matches:cm|lpm_decode:ld7
 19. Parameter Settings for User Entity Instance: g24_mastermind_score:master_score|g24_color_matches:cm|lpm_decode:ld8
 20. Parameter Settings for User Entity Instance: g24_possibility_table:table|altsyncram:table_memory[0]__1
 21. altsyncram Parameter Settings by Entity Instance
 22. Port Connectivity Checks: "g24_comp6:comparison"
 23. Port Connectivity Checks: "g24_possibility_table:table|color_counter:color_counter3"
 24. Port Connectivity Checks: "g24_mastermind_score:master_score|g24_num_matches:nm|g24_comp6:comp4"
 25. Port Connectivity Checks: "g24_mastermind_score:master_score|g24_num_matches:nm|g24_comp6:comp3"
 26. Port Connectivity Checks: "g24_mastermind_score:master_score|g24_num_matches:nm|g24_comp6:comp2"
 27. Port Connectivity Checks: "g24_mastermind_score:master_score|g24_num_matches:nm|g24_comp6:comp1"
 28. Elapsed Time Per Partition
 29. Analysis & Synthesis Messages



----------------
; Legal Notice ;
----------------
Copyright (C) 1991-2013 Altera Corporation
Your use of Altera Corporation's design tools, logic functions 
and other software and tools, and its AMPP partner logic 
functions, and any output files from any of the foregoing 
(including device programming or simulation files), and any 
associated documentation or information are expressly subject 
to the terms and conditions of the Altera Program License 
Subscription Agreement, Altera MegaCore Function License 
Agreement, or other applicable license agreement, including, 
without limitation, that your use is for the sole purpose of 
programming logic devices manufactured by Altera and sold by 
Altera or its authorized distributors.  Please refer to the 
applicable agreement for further details.



+---------------------------------------------------------------------------------------+
; Analysis & Synthesis Summary                                                          ;
+------------------------------------+--------------------------------------------------+
; Analysis & Synthesis Status        ; Successful - Sat Dec 05 16:33:10 2015            ;
; Quartus II 64-Bit Version          ; 13.0.1 Build 232 06/12/2013 SP 1 SJ Full Version ;
; Revision Name                      ; user_pins                                        ;
; Top-level Entity Name              ; datapath                                         ;
; Family                             ; Cyclone II                                       ;
; Total logic elements               ; 209                                              ;
;     Total combinational functions  ; 209                                              ;
;     Dedicated logic registers      ; 28                                               ;
; Total registers                    ; 28                                               ;
; Total pins                         ; 56                                               ;
; Total virtual pins                 ; 0                                                ;
; Total memory bits                  ; 4,096                                            ;
; Embedded Multiplier 9-bit elements ; 0                                                ;
; Total PLLs                         ; 0                                                ;
+------------------------------------+--------------------------------------------------+


+----------------------------------------------------------------------------------------------------------------------+
; Analysis & Synthesis Settings                                                                                        ;
+----------------------------------------------------------------------------+--------------------+--------------------+
; Option                                                                     ; Setting            ; Default Value      ;
+----------------------------------------------------------------------------+--------------------+--------------------+
; Device                                                                     ; EP2C20F484C7       ;                    ;
; Top-level entity name                                                      ; datapath           ; user_pins          ;
; Family name                                                                ; Cyclone II         ; Cyclone IV GX      ;
; Use smart compilation                                                      ; Off                ; Off                ;
; Enable parallel Assembler and TimeQuest Timing Analyzer during compilation ; On                 ; On                 ;
; Enable compact report table                                                ; Off                ; Off                ;
; Restructure Multiplexers                                                   ; Auto               ; Auto               ;
; Create Debugging Nodes for IP Cores                                        ; Off                ; Off                ;
; Preserve fewer node names                                                  ; On                 ; On                 ;
; Disable OpenCore Plus hardware evaluation                                  ; Off                ; Off                ;
; Verilog Version                                                            ; Verilog_2001       ; Verilog_2001       ;
; VHDL Version                                                               ; VHDL_1993          ; VHDL_1993          ;
; State Machine Processing                                                   ; Auto               ; Auto               ;
; Safe State Machine                                                         ; Off                ; Off                ;
; Extract Verilog State Machines                                             ; On                 ; On                 ;
; Extract VHDL State Machines                                                ; On                 ; On                 ;
; Ignore Verilog initial constructs                                          ; Off                ; Off                ;
; Iteration limit for constant Verilog loops                                 ; 5000               ; 5000               ;
; Iteration limit for non-constant Verilog loops                             ; 250                ; 250                ;
; Add Pass-Through Logic to Inferred RAMs                                    ; On                 ; On                 ;
; Infer RAMs from Raw Logic                                                  ; On                 ; On                 ;
; Parallel Synthesis                                                         ; On                 ; On                 ;
; DSP Block Balancing                                                        ; Auto               ; Auto               ;
; NOT Gate Push-Back                                                         ; On                 ; On                 ;
; Power-Up Don't Care                                                        ; On                 ; On                 ;
; Remove Redundant Logic Cells                                               ; Off                ; Off                ;
; Remove Duplicate Registers                                                 ; On                 ; On                 ;
; Ignore CARRY Buffers                                                       ; Off                ; Off                ;
; Ignore CASCADE Buffers                                                     ; Off                ; Off                ;
; Ignore GLOBAL Buffers                                                      ; Off                ; Off                ;
; Ignore ROW GLOBAL Buffers                                                  ; Off                ; Off                ;
; Ignore LCELL Buffers                                                       ; Off                ; Off                ;
; Ignore SOFT Buffers                                                        ; On                 ; On                 ;
; Limit AHDL Integers to 32 Bits                                             ; Off                ; Off                ;
; Optimization Technique                                                     ; Balanced           ; Balanced           ;
; Carry Chain Length                                                         ; 70                 ; 70                 ;
; Auto Carry Chains                                                          ; On                 ; On                 ;
; Auto Open-Drain Pins                                                       ; On                 ; On                 ;
; Perform WYSIWYG Primitive Resynthesis                                      ; Off                ; Off                ;
; Auto ROM Replacement                                                       ; On                 ; On                 ;
; Auto RAM Replacement                                                       ; On                 ; On                 ;
; Auto Shift Register Replacement                                            ; Auto               ; Auto               ;
; Allow Shift Register Merging across Hierarchies                            ; Auto               ; Auto               ;
; Auto Clock Enable Replacement                                              ; On                 ; On                 ;
; Strict RAM Replacement                                                     ; Off                ; Off                ;
; Allow Synchronous Control Signals                                          ; On                 ; On                 ;
; Force Use of Synchronous Clear Signals                                     ; Off                ; Off                ;
; Auto RAM to Logic Cell Conversion                                          ; Off                ; Off                ;
; Auto Resource Sharing                                                      ; Off                ; Off                ;
; Allow Any RAM Size For Recognition                                         ; Off                ; Off                ;
; Allow Any ROM Size For Recognition                                         ; Off                ; Off                ;
; Allow Any Shift Register Size For Recognition                              ; Off                ; Off                ;
; Use LogicLock Constraints during Resource Balancing                        ; On                 ; On                 ;
; Ignore translate_off and synthesis_off directives                          ; Off                ; Off                ;
; Timing-Driven Synthesis                                                    ; Off                ; Off                ;
; Report Parameter Settings                                                  ; On                 ; On                 ;
; Report Source Assignments                                                  ; On                 ; On                 ;
; Report Connectivity Checks                                                 ; On                 ; On                 ;
; Ignore Maximum Fan-Out Assignments                                         ; Off                ; Off                ;
; Synchronization Register Chain Length                                      ; 2                  ; 2                  ;
; PowerPlay Power Optimization                                               ; Normal compilation ; Normal compilation ;
; HDL message level                                                          ; Level2             ; Level2             ;
; Suppress Register Optimization Related Messages                            ; Off                ; Off                ;
; Number of Removed Registers Reported in Synthesis Report                   ; 5000               ; 5000               ;
; Number of Swept Nodes Reported in Synthesis Report                         ; 5000               ; 5000               ;
; Number of Inverted Registers Reported in Synthesis Report                  ; 100                ; 100                ;
; Clock MUX Protection                                                       ; On                 ; On                 ;
; Auto Gated Clock Conversion                                                ; Off                ; Off                ;
; Block Design Naming                                                        ; Auto               ; Auto               ;
; SDC constraint protection                                                  ; Off                ; Off                ;
; Synthesis Effort                                                           ; Auto               ; Auto               ;
; Shift Register Replacement - Allow Asynchronous Clear Signal               ; On                 ; On                 ;
; Pre-Mapping Resynthesis Optimization                                       ; Off                ; Off                ;
; Analysis & Synthesis Message Level                                         ; Medium             ; Medium             ;
; Disable Register Merging Across Hierarchies                                ; Auto               ; Auto               ;
; Resource Aware Inference For Block RAM                                     ; On                 ; On                 ;
; Synthesis Seed                                                             ; 1                  ; 1                  ;
+----------------------------------------------------------------------------+--------------------+--------------------+


+------------------------------------------+
; Parallel Compilation                     ;
+----------------------------+-------------+
; Processors                 ; Number      ;
+----------------------------+-------------+
; Number detected on machine ; 4           ;
; Maximum allowed            ; 4           ;
;                            ;             ;
; Average used               ; 1.00        ;
; Maximum used               ; 1           ;
;                            ;             ;
; Usage by Processor         ; % Time Used ;
;     Processor 1            ; 100.0%      ;
;     Processors 2-4         ;   0.0%      ;
+----------------------------+-------------+


+-----------------------------------------------------------------------------------------------------------------------------------------------------------------------+
; Analysis & Synthesis Source Files Read                                                                                                                                ;
+----------------------------------+-----------------+------------------------------+-------------------------------------------------------------------------+---------+
; File Name with User-Entered Path ; Used in Netlist ; File Type                    ; File Name with Absolute Path                                            ; Library ;
+----------------------------------+-----------------+------------------------------+-------------------------------------------------------------------------+---------+
; ../g24_score_encoder.vhd         ; yes             ; User VHDL File               ; P:/323/lab5/g24_score_encoder.vhd                                       ;         ;
; ../color_counter.vhd             ; yes             ; User VHDL File               ; P:/323/lab5/color_counter.vhd                                           ;         ;
; ../datapath.vhd                  ; yes             ; User VHDL File               ; P:/323/lab5/datapath.vhd                                                ;         ;
; ../g24_color_matches.vhd         ; yes             ; User VHDL File               ; P:/323/lab5/g24_color_matches.vhd                                       ;         ;
; ../g24_comp6.vhd                 ; yes             ; User VHDL File               ; P:/323/lab5/g24_comp6.vhd                                               ;         ;
; ../g24_mastermind_score.vhd      ; yes             ; User VHDL File               ; P:/323/lab5/g24_mastermind_score.vhd                                    ;         ;
; ../g24_minimum3.vhd              ; yes             ; User VHDL File               ; P:/323/lab5/g24_minimum3.vhd                                            ;         ;
; ../g24_num_matches.vhd           ; yes             ; User VHDL File               ; P:/323/lab5/g24_num_matches.vhd                                         ;         ;
; ../g24_num1s.vhd                 ; yes             ; User VHDL File               ; P:/323/lab5/g24_num1s.vhd                                               ;         ;
; ../g24_possibility_table.vhd     ; yes             ; User VHDL File               ; P:/323/lab5/g24_possibility_table.vhd                                   ;         ;
; lpm_decode.tdf                   ; yes             ; Megafunction                 ; c:/altera/13.0sp1/quartus/libraries/megafunctions/lpm_decode.tdf        ;         ;
; declut.inc                       ; yes             ; Megafunction                 ; c:/altera/13.0sp1/quartus/libraries/megafunctions/declut.inc            ;         ;
; altshift.inc                     ; yes             ; Megafunction                 ; c:/altera/13.0sp1/quartus/libraries/megafunctions/altshift.inc          ;         ;
; lpm_compare.inc                  ; yes             ; Megafunction                 ; c:/altera/13.0sp1/quartus/libraries/megafunctions/lpm_compare.inc       ;         ;
; lpm_constant.inc                 ; yes             ; Megafunction                 ; c:/altera/13.0sp1/quartus/libraries/megafunctions/lpm_constant.inc      ;         ;
; aglobal130.inc                   ; yes             ; Megafunction                 ; c:/altera/13.0sp1/quartus/libraries/megafunctions/aglobal130.inc        ;         ;
; db/decode_s6f.tdf                ; yes             ; Auto-Generated Megafunction  ; P:/323/lab5/user_pins/db/decode_s6f.tdf                                 ;         ;
; altsyncram.tdf                   ; yes             ; Megafunction                 ; c:/altera/13.0sp1/quartus/libraries/megafunctions/altsyncram.tdf        ;         ;
; stratix_ram_block.inc            ; yes             ; Megafunction                 ; c:/altera/13.0sp1/quartus/libraries/megafunctions/stratix_ram_block.inc ;         ;
; lpm_mux.inc                      ; yes             ; Megafunction                 ; c:/altera/13.0sp1/quartus/libraries/megafunctions/lpm_mux.inc           ;         ;
; lpm_decode.inc                   ; yes             ; Megafunction                 ; c:/altera/13.0sp1/quartus/libraries/megafunctions/lpm_decode.inc        ;         ;
; a_rdenreg.inc                    ; yes             ; Megafunction                 ; c:/altera/13.0sp1/quartus/libraries/megafunctions/a_rdenreg.inc         ;         ;
; altrom.inc                       ; yes             ; Megafunction                 ; c:/altera/13.0sp1/quartus/libraries/megafunctions/altrom.inc            ;         ;
; altram.inc                       ; yes             ; Megafunction                 ; c:/altera/13.0sp1/quartus/libraries/megafunctions/altram.inc            ;         ;
; altdpram.inc                     ; yes             ; Megafunction                 ; c:/altera/13.0sp1/quartus/libraries/megafunctions/altdpram.inc          ;         ;
; db/altsyncram_cug1.tdf           ; yes             ; Auto-Generated Megafunction  ; P:/323/lab5/user_pins/db/altsyncram_cug1.tdf                            ;         ;
+----------------------------------+-----------------+------------------------------+-------------------------------------------------------------------------+---------+


+-----------------------------------------------------+
; Analysis & Synthesis Resource Usage Summary         ;
+---------------------------------------------+-------+
; Resource                                    ; Usage ;
+---------------------------------------------+-------+
; Estimated Total logic elements              ; 209   ;
;                                             ;       ;
; Total combinational functions               ; 209   ;
; Logic element usage by number of LUT inputs ;       ;
;     -- 4 input functions                    ; 92    ;
;     -- 3 input functions                    ; 114   ;
;     -- <=2 input functions                  ; 3     ;
;                                             ;       ;
; Logic elements by mode                      ;       ;
;     -- normal mode                          ; 209   ;
;     -- arithmetic mode                      ; 0     ;
;                                             ;       ;
; Total registers                             ; 28    ;
;     -- Dedicated logic registers            ; 28    ;
;     -- I/O registers                        ; 0     ;
;                                             ;       ;
; I/O pins                                    ; 56    ;
; Total memory bits                           ; 4096  ;
; Embedded Multiplier 9-bit elements          ; 0     ;
; Maximum fan-out node                        ; CLK   ;
; Maximum fan-out                             ; 29    ;
; Total fan-out                               ; 848   ;
; Average fan-out                             ; 2.88  ;
+---------------------------------------------+-------+


+----------------------------------------------------------------------------------------------------------------------------------------------------------------------------------------------------------------------------------------------------------------------------------+
; Analysis & Synthesis Resource Utilization by Entity                                                                                                                                                                                                                              ;
+-------------------------------------------+-------------------+--------------+-------------+--------------+---------+-----------+------+--------------+-----------------------------------------------------------------------------------------------------------+--------------+
; Compilation Hierarchy Node                ; LC Combinationals ; LC Registers ; Memory Bits ; DSP Elements ; DSP 9x9 ; DSP 18x18 ; Pins ; Virtual Pins ; Full Hierarchy Name                                                                                       ; Library Name ;
+-------------------------------------------+-------------------+--------------+-------------+--------------+---------+-----------+------+--------------+-----------------------------------------------------------------------------------------------------------+--------------+
; |datapath                                 ; 209 (26)          ; 28 (16)      ; 4096        ; 0            ; 0       ; 0         ; 56   ; 0            ; |datapath                                                                                                 ; work         ;
;    |g24_comp6:comparison|                 ; 4 (4)             ; 0 (0)        ; 0           ; 0            ; 0       ; 0         ; 0    ; 0            ; |datapath|g24_comp6:comparison                                                                            ; work         ;
;    |g24_mastermind_score:master_score|    ; 156 (0)           ; 0 (0)        ; 0           ; 0            ; 0       ; 0         ; 0    ; 0            ; |datapath|g24_mastermind_score:master_score                                                               ; work         ;
;       |g24_color_matches:cm|              ; 136 (28)          ; 0 (0)        ; 0           ; 0            ; 0       ; 0         ; 0    ; 0            ; |datapath|g24_mastermind_score:master_score|g24_color_matches:cm                                          ; work         ;
;          |g24_minimum3:min1|              ; 5 (5)             ; 0 (0)        ; 0           ; 0            ; 0       ; 0         ; 0    ; 0            ; |datapath|g24_mastermind_score:master_score|g24_color_matches:cm|g24_minimum3:min1                        ; work         ;
;          |g24_minimum3:min2|              ; 3 (3)             ; 0 (0)        ; 0           ; 0            ; 0       ; 0         ; 0    ; 0            ; |datapath|g24_mastermind_score:master_score|g24_color_matches:cm|g24_minimum3:min2                        ; work         ;
;          |g24_minimum3:min3|              ; 5 (5)             ; 0 (0)        ; 0           ; 0            ; 0       ; 0         ; 0    ; 0            ; |datapath|g24_mastermind_score:master_score|g24_color_matches:cm|g24_minimum3:min3                        ; work         ;
;          |g24_minimum3:min4|              ; 3 (3)             ; 0 (0)        ; 0           ; 0            ; 0       ; 0         ; 0    ; 0            ; |datapath|g24_mastermind_score:master_score|g24_color_matches:cm|g24_minimum3:min4                        ; work         ;
;          |g24_minimum3:min5|              ; 4 (4)             ; 0 (0)        ; 0           ; 0            ; 0       ; 0         ; 0    ; 0            ; |datapath|g24_mastermind_score:master_score|g24_color_matches:cm|g24_minimum3:min5                        ; work         ;
;          |g24_minimum3:min6|              ; 4 (4)             ; 0 (0)        ; 0           ; 0            ; 0       ; 0         ; 0    ; 0            ; |datapath|g24_mastermind_score:master_score|g24_color_matches:cm|g24_minimum3:min6                        ; work         ;
;          |g24_num1s:num10|                ; 3 (3)             ; 0 (0)        ; 0           ; 0            ; 0       ; 0         ; 0    ; 0            ; |datapath|g24_mastermind_score:master_score|g24_color_matches:cm|g24_num1s:num10                          ; work         ;
;          |g24_num1s:num11|                ; 3 (3)             ; 0 (0)        ; 0           ; 0            ; 0       ; 0         ; 0    ; 0            ; |datapath|g24_mastermind_score:master_score|g24_color_matches:cm|g24_num1s:num11                          ; work         ;
;          |g24_num1s:num12|                ; 3 (3)             ; 0 (0)        ; 0           ; 0            ; 0       ; 0         ; 0    ; 0            ; |datapath|g24_mastermind_score:master_score|g24_color_matches:cm|g24_num1s:num12                          ; work         ;
;          |g24_num1s:num1|                 ; 3 (3)             ; 0 (0)        ; 0           ; 0            ; 0       ; 0         ; 0    ; 0            ; |datapath|g24_mastermind_score:master_score|g24_color_matches:cm|g24_num1s:num1                           ; work         ;
;          |g24_num1s:num2|                 ; 3 (3)             ; 0 (0)        ; 0           ; 0            ; 0       ; 0         ; 0    ; 0            ; |datapath|g24_mastermind_score:master_score|g24_color_matches:cm|g24_num1s:num2                           ; work         ;
;          |g24_num1s:num3|                 ; 3 (3)             ; 0 (0)        ; 0           ; 0            ; 0       ; 0         ; 0    ; 0            ; |datapath|g24_mastermind_score:master_score|g24_color_matches:cm|g24_num1s:num3                           ; work         ;
;          |g24_num1s:num4|                 ; 3 (3)             ; 0 (0)        ; 0           ; 0            ; 0       ; 0         ; 0    ; 0            ; |datapath|g24_mastermind_score:master_score|g24_color_matches:cm|g24_num1s:num4                           ; work         ;
;          |g24_num1s:num5|                 ; 3 (3)             ; 0 (0)        ; 0           ; 0            ; 0       ; 0         ; 0    ; 0            ; |datapath|g24_mastermind_score:master_score|g24_color_matches:cm|g24_num1s:num5                           ; work         ;
;          |g24_num1s:num6|                 ; 3 (3)             ; 0 (0)        ; 0           ; 0            ; 0       ; 0         ; 0    ; 0            ; |datapath|g24_mastermind_score:master_score|g24_color_matches:cm|g24_num1s:num6                           ; work         ;
;          |g24_num1s:num7|                 ; 3 (3)             ; 0 (0)        ; 0           ; 0            ; 0       ; 0         ; 0    ; 0            ; |datapath|g24_mastermind_score:master_score|g24_color_matches:cm|g24_num1s:num7                           ; work         ;
;          |g24_num1s:num8|                 ; 3 (3)             ; 0 (0)        ; 0           ; 0            ; 0       ; 0         ; 0    ; 0            ; |datapath|g24_mastermind_score:master_score|g24_color_matches:cm|g24_num1s:num8                           ; work         ;
;          |g24_num1s:num9|                 ; 3 (3)             ; 0 (0)        ; 0           ; 0            ; 0       ; 0         ; 0    ; 0            ; |datapath|g24_mastermind_score:master_score|g24_color_matches:cm|g24_num1s:num9                           ; work         ;
;          |lpm_decode:ld1|                 ; 6 (0)             ; 0 (0)        ; 0           ; 0            ; 0       ; 0         ; 0    ; 0            ; |datapath|g24_mastermind_score:master_score|g24_color_matches:cm|lpm_decode:ld1                           ; work         ;
;             |decode_s6f:auto_generated|   ; 6 (6)             ; 0 (0)        ; 0           ; 0            ; 0       ; 0         ; 0    ; 0            ; |datapath|g24_mastermind_score:master_score|g24_color_matches:cm|lpm_decode:ld1|decode_s6f:auto_generated ; work         ;
;          |lpm_decode:ld2|                 ; 6 (0)             ; 0 (0)        ; 0           ; 0            ; 0       ; 0         ; 0    ; 0            ; |datapath|g24_mastermind_score:master_score|g24_color_matches:cm|lpm_decode:ld2                           ; work         ;
;             |decode_s6f:auto_generated|   ; 6 (6)             ; 0 (0)        ; 0           ; 0            ; 0       ; 0         ; 0    ; 0            ; |datapath|g24_mastermind_score:master_score|g24_color_matches:cm|lpm_decode:ld2|decode_s6f:auto_generated ; work         ;
;          |lpm_decode:ld3|                 ; 6 (0)             ; 0 (0)        ; 0           ; 0            ; 0       ; 0         ; 0    ; 0            ; |datapath|g24_mastermind_score:master_score|g24_color_matches:cm|lpm_decode:ld3                           ; work         ;
;             |decode_s6f:auto_generated|   ; 6 (6)             ; 0 (0)        ; 0           ; 0            ; 0       ; 0         ; 0    ; 0            ; |datapath|g24_mastermind_score:master_score|g24_color_matches:cm|lpm_decode:ld3|decode_s6f:auto_generated ; work         ;
;          |lpm_decode:ld4|                 ; 6 (0)             ; 0 (0)        ; 0           ; 0            ; 0       ; 0         ; 0    ; 0            ; |datapath|g24_mastermind_score:master_score|g24_color_matches:cm|lpm_decode:ld4                           ; work         ;
;             |decode_s6f:auto_generated|   ; 6 (6)             ; 0 (0)        ; 0           ; 0            ; 0       ; 0         ; 0    ; 0            ; |datapath|g24_mastermind_score:master_score|g24_color_matches:cm|lpm_decode:ld4|decode_s6f:auto_generated ; work         ;
;          |lpm_decode:ld5|                 ; 6 (0)             ; 0 (0)        ; 0           ; 0            ; 0       ; 0         ; 0    ; 0            ; |datapath|g24_mastermind_score:master_score|g24_color_matches:cm|lpm_decode:ld5                           ; work         ;
;             |decode_s6f:auto_generated|   ; 6 (6)             ; 0 (0)        ; 0           ; 0            ; 0       ; 0         ; 0    ; 0            ; |datapath|g24_mastermind_score:master_score|g24_color_matches:cm|lpm_decode:ld5|decode_s6f:auto_generated ; work         ;
;          |lpm_decode:ld6|                 ; 6 (0)             ; 0 (0)        ; 0           ; 0            ; 0       ; 0         ; 0    ; 0            ; |datapath|g24_mastermind_score:master_score|g24_color_matches:cm|lpm_decode:ld6                           ; work         ;
;             |decode_s6f:auto_generated|   ; 6 (6)             ; 0 (0)        ; 0           ; 0            ; 0       ; 0         ; 0    ; 0            ; |datapath|g24_mastermind_score:master_score|g24_color_matches:cm|lpm_decode:ld6|decode_s6f:auto_generated ; work         ;
;          |lpm_decode:ld7|                 ; 6 (0)             ; 0 (0)        ; 0           ; 0            ; 0       ; 0         ; 0    ; 0            ; |datapath|g24_mastermind_score:master_score|g24_color_matches:cm|lpm_decode:ld7                           ; work         ;
;             |decode_s6f:auto_generated|   ; 6 (6)             ; 0 (0)        ; 0           ; 0            ; 0       ; 0         ; 0    ; 0            ; |datapath|g24_mastermind_score:master_score|g24_color_matches:cm|lpm_decode:ld7|decode_s6f:auto_generated ; work         ;
;          |lpm_decode:ld8|                 ; 6 (0)             ; 0 (0)        ; 0           ; 0            ; 0       ; 0         ; 0    ; 0            ; |datapath|g24_mastermind_score:master_score|g24_color_matches:cm|lpm_decode:ld8                           ; work         ;
;             |decode_s6f:auto_generated|   ; 6 (6)             ; 0 (0)        ; 0           ; 0            ; 0       ; 0         ; 0    ; 0            ; |datapath|g24_mastermind_score:master_score|g24_color_matches:cm|lpm_decode:ld8|decode_s6f:auto_generated ; work         ;
;       |g24_num_matches:nm|                ; 11 (0)            ; 0 (0)        ; 0           ; 0            ; 0       ; 0         ; 0    ; 0            ; |datapath|g24_mastermind_score:master_score|g24_num_matches:nm                                            ; work         ;
;          |g24_comp6:comp1|                ; 2 (2)             ; 0 (0)        ; 0           ; 0            ; 0       ; 0         ; 0    ; 0            ; |datapath|g24_mastermind_score:master_score|g24_num_matches:nm|g24_comp6:comp1                            ; work         ;
;          |g24_comp6:comp2|                ; 2 (2)             ; 0 (0)        ; 0           ; 0            ; 0       ; 0         ; 0    ; 0            ; |datapath|g24_mastermind_score:master_score|g24_num_matches:nm|g24_comp6:comp2                            ; work         ;
;          |g24_comp6:comp3|                ; 2 (2)             ; 0 (0)        ; 0           ; 0            ; 0       ; 0         ; 0    ; 0            ; |datapath|g24_mastermind_score:master_score|g24_num_matches:nm|g24_comp6:comp3                            ; work         ;
;          |g24_comp6:comp4|                ; 2 (2)             ; 0 (0)        ; 0           ; 0            ; 0       ; 0         ; 0    ; 0            ; |datapath|g24_mastermind_score:master_score|g24_num_matches:nm|g24_comp6:comp4                            ; work         ;
;          |g24_num1s:comp|                 ; 3 (3)             ; 0 (0)        ; 0           ; 0            ; 0       ; 0         ; 0    ; 0            ; |datapath|g24_mastermind_score:master_score|g24_num_matches:nm|g24_num1s:comp                             ; work         ;
;       |g24_score_encoder:se|              ; 9 (9)             ; 0 (0)        ; 0           ; 0            ; 0       ; 0         ; 0    ; 0            ; |datapath|g24_mastermind_score:master_score|g24_score_encoder:se                                          ; work         ;
;    |g24_possibility_table:table|          ; 23 (6)            ; 12 (0)       ; 4096        ; 0            ; 0       ; 0         ; 0    ; 0            ; |datapath|g24_possibility_table:table                                                                     ; work         ;
;       |altsyncram:table_memory[0]__1|     ; 0 (0)             ; 0 (0)        ; 4096        ; 0            ; 0       ; 0         ; 0    ; 0            ; |datapath|g24_possibility_table:table|altsyncram:table_memory[0]__1                                       ; work         ;
;          |altsyncram_cug1:auto_generated| ; 0 (0)             ; 0 (0)        ; 4096        ; 0            ; 0       ; 0         ; 0    ; 0            ; |datapath|g24_possibility_table:table|altsyncram:table_memory[0]__1|altsyncram_cug1:auto_generated        ; work         ;
;       |color_counter:color_counter0|      ; 4 (4)             ; 3 (3)        ; 0           ; 0            ; 0       ; 0         ; 0    ; 0            ; |datapath|g24_possibility_table:table|color_counter:color_counter0                                        ; work         ;
;       |color_counter:color_counter1|      ; 5 (5)             ; 3 (3)        ; 0           ; 0            ; 0       ; 0         ; 0    ; 0            ; |datapath|g24_possibility_table:table|color_counter:color_counter1                                        ; work         ;
;       |color_counter:color_counter2|      ; 4 (4)             ; 3 (3)        ; 0           ; 0            ; 0       ; 0         ; 0    ; 0            ; |datapath|g24_possibility_table:table|color_counter:color_counter2                                        ; work         ;
;       |color_counter:color_counter3|      ; 4 (4)             ; 3 (3)        ; 0           ; 0            ; 0       ; 0         ; 0    ; 0            ; |datapath|g24_possibility_table:table|color_counter:color_counter3                                        ; work         ;
+-------------------------------------------+-------------------+--------------+-------------+--------------+---------+-----------+------+--------------+-----------------------------------------------------------------------------------------------------------+--------------+
Note: For table entries with two numbers listed, the numbers in parentheses indicate the number of resources of the given type used by the specific entity alone. The numbers listed outside of parentheses indicate the total resources of the given type used by the specific entity and all of its sub-entities in the hierarchy.


+---------------------------------------------------------------------------------------------------------------------------------------------------------------------------------------------------------+
; Analysis & Synthesis RAM Summary                                                                                                                                                                        ;
+-----------------------------------------------------------------------------------------------------+------+------------------+--------------+--------------+--------------+--------------+------+------+
; Name                                                                                                ; Type ; Mode             ; Port A Depth ; Port A Width ; Port B Depth ; Port B Width ; Size ; MIF  ;
+-----------------------------------------------------------------------------------------------------+------+------------------+--------------+--------------+--------------+--------------+------+------+
; g24_possibility_table:table|altsyncram:table_memory[0]__1|altsyncram_cug1:auto_generated|ALTSYNCRAM ; AUTO ; Simple Dual Port ; 4096         ; 1            ; 4096         ; 1            ; 4096 ; None ;
+-----------------------------------------------------------------------------------------------------+------+------------------+--------------+--------------+--------------+--------------+------+------+


+---------------------------------------------------------------------------------------------------+
; User-Specified and Inferred Latches                                                               ;
+----------------------------------------------------+---------------------+------------------------+
; Latch Name                                         ; Latch Enable Signal ; Free of Timing Hazards ;
+----------------------------------------------------+---------------------+------------------------+
; g24_possibility_table:table|last_reached           ; GND                 ; yes                    ;
; Number of user-specified and inferred latches = 1  ;                     ;                        ;
+----------------------------------------------------+---------------------+------------------------+
Note: All latches listed above may not be present at the end of synthesis due to various synthesis optimizations.


+------------------------------------------------------+
; General Register Statistics                          ;
+----------------------------------------------+-------+
; Statistic                                    ; Value ;
+----------------------------------------------+-------+
; Total registers                              ; 28    ;
; Number of registers using Synchronous Clear  ; 0     ;
; Number of registers using Synchronous Load   ; 0     ;
; Number of registers using Asynchronous Clear ; 12    ;
; Number of registers using Asynchronous Load  ; 0     ;
; Number of registers using Clock Enable       ; 28    ;
; Number of registers using Preset             ; 0     ;
+----------------------------------------------+-------+


+-----------------------------------------------------------------------------------------------------------------+
; Source assignments for g24_possibility_table:table|altsyncram:table_memory[0]__1|altsyncram_cug1:auto_generated ;
+---------------------------------+--------------------+------+---------------------------------------------------+
; Assignment                      ; Value              ; From ; To                                                ;
+---------------------------------+--------------------+------+---------------------------------------------------+
; OPTIMIZE_POWER_DURING_SYNTHESIS ; NORMAL_COMPILATION ; -    ; -                                                 ;
+---------------------------------+--------------------+------+---------------------------------------------------+


+--------------------------------------------------------------------------------------------------------------------+
; Parameter Settings for User Entity Instance: g24_mastermind_score:master_score|g24_color_matches:cm|lpm_decode:ld1 ;
+------------------------+------------+------------------------------------------------------------------------------+
; Parameter Name         ; Value      ; Type                                                                         ;
+------------------------+------------+------------------------------------------------------------------------------+
; LPM_WIDTH              ; 3          ; Signed Integer                                                               ;
; LPM_DECODES            ; 8          ; Signed Integer                                                               ;
; LPM_PIPELINE           ; 0          ; Untyped                                                                      ;
; CASCADE_CHAIN          ; MANUAL     ; Untyped                                                                      ;
; DEVICE_FAMILY          ; Cyclone II ; Untyped                                                                      ;
; CBXI_PARAMETER         ; decode_s6f ; Untyped                                                                      ;
; AUTO_CARRY_CHAINS      ; ON         ; AUTO_CARRY                                                                   ;
; IGNORE_CARRY_BUFFERS   ; OFF        ; IGNORE_CARRY                                                                 ;
; AUTO_CASCADE_CHAINS    ; ON         ; AUTO_CASCADE                                                                 ;
; IGNORE_CASCADE_BUFFERS ; OFF        ; IGNORE_CASCADE                                                               ;
+------------------------+------------+------------------------------------------------------------------------------+
Note: In order to hide this table in the UI and the text report file, please set the "Show Parameter Settings in Synthesis Report" option in "Analysis and Synthesis Settings -> More Settings" to "Off".


+--------------------------------------------------------------------------------------------------------------------+
; Parameter Settings for User Entity Instance: g24_mastermind_score:master_score|g24_color_matches:cm|lpm_decode:ld2 ;
+------------------------+------------+------------------------------------------------------------------------------+
; Parameter Name         ; Value      ; Type                                                                         ;
+------------------------+------------+------------------------------------------------------------------------------+
; LPM_WIDTH              ; 3          ; Signed Integer                                                               ;
; LPM_DECODES            ; 8          ; Signed Integer                                                               ;
; LPM_PIPELINE           ; 0          ; Untyped                                                                      ;
; CASCADE_CHAIN          ; MANUAL     ; Untyped                                                                      ;
; DEVICE_FAMILY          ; Cyclone II ; Untyped                                                                      ;
; CBXI_PARAMETER         ; decode_s6f ; Untyped                                                                      ;
; AUTO_CARRY_CHAINS      ; ON         ; AUTO_CARRY                                                                   ;
; IGNORE_CARRY_BUFFERS   ; OFF        ; IGNORE_CARRY                                                                 ;
; AUTO_CASCADE_CHAINS    ; ON         ; AUTO_CASCADE                                                                 ;
; IGNORE_CASCADE_BUFFERS ; OFF        ; IGNORE_CASCADE                                                               ;
+------------------------+------------+------------------------------------------------------------------------------+
Note: In order to hide this table in the UI and the text report file, please set the "Show Parameter Settings in Synthesis Report" option in "Analysis and Synthesis Settings -> More Settings" to "Off".


+--------------------------------------------------------------------------------------------------------------------+
; Parameter Settings for User Entity Instance: g24_mastermind_score:master_score|g24_color_matches:cm|lpm_decode:ld3 ;
+------------------------+------------+------------------------------------------------------------------------------+
; Parameter Name         ; Value      ; Type                                                                         ;
+------------------------+------------+------------------------------------------------------------------------------+
; LPM_WIDTH              ; 3          ; Signed Integer                                                               ;
; LPM_DECODES            ; 8          ; Signed Integer                                                               ;
; LPM_PIPELINE           ; 0          ; Untyped                                                                      ;
; CASCADE_CHAIN          ; MANUAL     ; Untyped                                                                      ;
; DEVICE_FAMILY          ; Cyclone II ; Untyped                                                                      ;
; CBXI_PARAMETER         ; decode_s6f ; Untyped                                                                      ;
; AUTO_CARRY_CHAINS      ; ON         ; AUTO_CARRY                                                                   ;
; IGNORE_CARRY_BUFFERS   ; OFF        ; IGNORE_CARRY                                                                 ;
; AUTO_CASCADE_CHAINS    ; ON         ; AUTO_CASCADE                                                                 ;
; IGNORE_CASCADE_BUFFERS ; OFF        ; IGNORE_CASCADE                                                               ;
+------------------------+------------+------------------------------------------------------------------------------+
Note: In order to hide this table in the UI and the text report file, please set the "Show Parameter Settings in Synthesis Report" option in "Analysis and Synthesis Settings -> More Settings" to "Off".


+--------------------------------------------------------------------------------------------------------------------+
; Parameter Settings for User Entity Instance: g24_mastermind_score:master_score|g24_color_matches:cm|lpm_decode:ld4 ;
+------------------------+------------+------------------------------------------------------------------------------+
; Parameter Name         ; Value      ; Type                                                                         ;
+------------------------+------------+------------------------------------------------------------------------------+
; LPM_WIDTH              ; 3          ; Signed Integer                                                               ;
; LPM_DECODES            ; 8          ; Signed Integer                                                               ;
; LPM_PIPELINE           ; 0          ; Untyped                                                                      ;
; CASCADE_CHAIN          ; MANUAL     ; Untyped                                                                      ;
; DEVICE_FAMILY          ; Cyclone II ; Untyped                                                                      ;
; CBXI_PARAMETER         ; decode_s6f ; Untyped                                                                      ;
; AUTO_CARRY_CHAINS      ; ON         ; AUTO_CARRY                                                                   ;
; IGNORE_CARRY_BUFFERS   ; OFF        ; IGNORE_CARRY                                                                 ;
; AUTO_CASCADE_CHAINS    ; ON         ; AUTO_CASCADE                                                                 ;
; IGNORE_CASCADE_BUFFERS ; OFF        ; IGNORE_CASCADE                                                               ;
+------------------------+------------+------------------------------------------------------------------------------+
Note: In order to hide this table in the UI and the text report file, please set the "Show Parameter Settings in Synthesis Report" option in "Analysis and Synthesis Settings -> More Settings" to "Off".


+--------------------------------------------------------------------------------------------------------------------+
; Parameter Settings for User Entity Instance: g24_mastermind_score:master_score|g24_color_matches:cm|lpm_decode:ld5 ;
+------------------------+------------+------------------------------------------------------------------------------+
; Parameter Name         ; Value      ; Type                                                                         ;
+------------------------+------------+------------------------------------------------------------------------------+
; LPM_WIDTH              ; 3          ; Signed Integer                                                               ;
; LPM_DECODES            ; 8          ; Signed Integer                                                               ;
; LPM_PIPELINE           ; 0          ; Untyped                                                                      ;
; CASCADE_CHAIN          ; MANUAL     ; Untyped                                                                      ;
; DEVICE_FAMILY          ; Cyclone II ; Untyped                                                                      ;
; CBXI_PARAMETER         ; decode_s6f ; Untyped                                                                      ;
; AUTO_CARRY_CHAINS      ; ON         ; AUTO_CARRY                                                                   ;
; IGNORE_CARRY_BUFFERS   ; OFF        ; IGNORE_CARRY                                                                 ;
; AUTO_CASCADE_CHAINS    ; ON         ; AUTO_CASCADE                                                                 ;
; IGNORE_CASCADE_BUFFERS ; OFF        ; IGNORE_CASCADE                                                               ;
+------------------------+------------+------------------------------------------------------------------------------+
Note: In order to hide this table in the UI and the text report file, please set the "Show Parameter Settings in Synthesis Report" option in "Analysis and Synthesis Settings -> More Settings" to "Off".


+--------------------------------------------------------------------------------------------------------------------+
; Parameter Settings for User Entity Instance: g24_mastermind_score:master_score|g24_color_matches:cm|lpm_decode:ld6 ;
+------------------------+------------+------------------------------------------------------------------------------+
; Parameter Name         ; Value      ; Type                                                                         ;
+------------------------+------------+------------------------------------------------------------------------------+
; LPM_WIDTH              ; 3          ; Signed Integer                                                               ;
; LPM_DECODES            ; 8          ; Signed Integer                                                               ;
; LPM_PIPELINE           ; 0          ; Untyped                                                                      ;
; CASCADE_CHAIN          ; MANUAL     ; Untyped                                                                      ;
; DEVICE_FAMILY          ; Cyclone II ; Untyped                                                                      ;
; CBXI_PARAMETER         ; decode_s6f ; Untyped                                                                      ;
; AUTO_CARRY_CHAINS      ; ON         ; AUTO_CARRY                                                                   ;
; IGNORE_CARRY_BUFFERS   ; OFF        ; IGNORE_CARRY                                                                 ;
; AUTO_CASCADE_CHAINS    ; ON         ; AUTO_CASCADE                                                                 ;
; IGNORE_CASCADE_BUFFERS ; OFF        ; IGNORE_CASCADE                                                               ;
+------------------------+------------+------------------------------------------------------------------------------+
Note: In order to hide this table in the UI and the text report file, please set the "Show Parameter Settings in Synthesis Report" option in "Analysis and Synthesis Settings -> More Settings" to "Off".


+--------------------------------------------------------------------------------------------------------------------+
; Parameter Settings for User Entity Instance: g24_mastermind_score:master_score|g24_color_matches:cm|lpm_decode:ld7 ;
+------------------------+------------+------------------------------------------------------------------------------+
; Parameter Name         ; Value      ; Type                                                                         ;
+------------------------+------------+------------------------------------------------------------------------------+
; LPM_WIDTH              ; 3          ; Signed Integer                                                               ;
; LPM_DECODES            ; 8          ; Signed Integer                                                               ;
; LPM_PIPELINE           ; 0          ; Untyped                                                                      ;
; CASCADE_CHAIN          ; MANUAL     ; Untyped                                                                      ;
; DEVICE_FAMILY          ; Cyclone II ; Untyped                                                                      ;
; CBXI_PARAMETER         ; decode_s6f ; Untyped                                                                      ;
; AUTO_CARRY_CHAINS      ; ON         ; AUTO_CARRY                                                                   ;
; IGNORE_CARRY_BUFFERS   ; OFF        ; IGNORE_CARRY                                                                 ;
; AUTO_CASCADE_CHAINS    ; ON         ; AUTO_CASCADE                                                                 ;
; IGNORE_CASCADE_BUFFERS ; OFF        ; IGNORE_CASCADE                                                               ;
+------------------------+------------+------------------------------------------------------------------------------+
Note: In order to hide this table in the UI and the text report file, please set the "Show Parameter Settings in Synthesis Report" option in "Analysis and Synthesis Settings -> More Settings" to "Off".


+--------------------------------------------------------------------------------------------------------------------+
; Parameter Settings for User Entity Instance: g24_mastermind_score:master_score|g24_color_matches:cm|lpm_decode:ld8 ;
+------------------------+------------+------------------------------------------------------------------------------+
; Parameter Name         ; Value      ; Type                                                                         ;
+------------------------+------------+------------------------------------------------------------------------------+
; LPM_WIDTH              ; 3          ; Signed Integer                                                               ;
; LPM_DECODES            ; 8          ; Signed Integer                                                               ;
; LPM_PIPELINE           ; 0          ; Untyped                                                                      ;
; CASCADE_CHAIN          ; MANUAL     ; Untyped                                                                      ;
; DEVICE_FAMILY          ; Cyclone II ; Untyped                                                                      ;
; CBXI_PARAMETER         ; decode_s6f ; Untyped                                                                      ;
; AUTO_CARRY_CHAINS      ; ON         ; AUTO_CARRY                                                                   ;
; IGNORE_CARRY_BUFFERS   ; OFF        ; IGNORE_CARRY                                                                 ;
; AUTO_CASCADE_CHAINS    ; ON         ; AUTO_CASCADE                                                                 ;
; IGNORE_CASCADE_BUFFERS ; OFF        ; IGNORE_CASCADE                                                               ;
+------------------------+------------+------------------------------------------------------------------------------+
Note: In order to hide this table in the UI and the text report file, please set the "Show Parameter Settings in Synthesis Report" option in "Analysis and Synthesis Settings -> More Settings" to "Off".


+--------------------------------------------------------------------------------------------------------+
; Parameter Settings for User Entity Instance: g24_possibility_table:table|altsyncram:table_memory[0]__1 ;
+------------------------------------+----------------------+--------------------------------------------+
; Parameter Name                     ; Value                ; Type                                       ;
+------------------------------------+----------------------+--------------------------------------------+
; BYTE_SIZE_BLOCK                    ; 8                    ; Untyped                                    ;
; AUTO_CARRY_CHAINS                  ; ON                   ; AUTO_CARRY                                 ;
; IGNORE_CARRY_BUFFERS               ; OFF                  ; IGNORE_CARRY                               ;
; AUTO_CASCADE_CHAINS                ; ON                   ; AUTO_CASCADE                               ;
; IGNORE_CASCADE_BUFFERS             ; OFF                  ; IGNORE_CASCADE                             ;
; WIDTH_BYTEENA                      ; 1                    ; Untyped                                    ;
; OPERATION_MODE                     ; DUAL_PORT            ; Untyped                                    ;
; WIDTH_A                            ; 1                    ; Untyped                                    ;
; WIDTHAD_A                          ; 12                   ; Untyped                                    ;
; NUMWORDS_A                         ; 4096                 ; Untyped                                    ;
; OUTDATA_REG_A                      ; UNREGISTERED         ; Untyped                                    ;
; ADDRESS_ACLR_A                     ; NONE                 ; Untyped                                    ;
; OUTDATA_ACLR_A                     ; NONE                 ; Untyped                                    ;
; WRCONTROL_ACLR_A                   ; NONE                 ; Untyped                                    ;
; INDATA_ACLR_A                      ; NONE                 ; Untyped                                    ;
; BYTEENA_ACLR_A                     ; NONE                 ; Untyped                                    ;
; WIDTH_B                            ; 1                    ; Untyped                                    ;
; WIDTHAD_B                          ; 12                   ; Untyped                                    ;
; NUMWORDS_B                         ; 4096                 ; Untyped                                    ;
; INDATA_REG_B                       ; CLOCK1               ; Untyped                                    ;
; WRCONTROL_WRADDRESS_REG_B          ; CLOCK1               ; Untyped                                    ;
; RDCONTROL_REG_B                    ; CLOCK1               ; Untyped                                    ;
; ADDRESS_REG_B                      ; CLOCK0               ; Untyped                                    ;
; OUTDATA_REG_B                      ; UNREGISTERED         ; Untyped                                    ;
; BYTEENA_REG_B                      ; CLOCK1               ; Untyped                                    ;
; INDATA_ACLR_B                      ; NONE                 ; Untyped                                    ;
; WRCONTROL_ACLR_B                   ; NONE                 ; Untyped                                    ;
; ADDRESS_ACLR_B                     ; NONE                 ; Untyped                                    ;
; OUTDATA_ACLR_B                     ; NONE                 ; Untyped                                    ;
; RDCONTROL_ACLR_B                   ; NONE                 ; Untyped                                    ;
; BYTEENA_ACLR_B                     ; NONE                 ; Untyped                                    ;
; WIDTH_BYTEENA_A                    ; 1                    ; Untyped                                    ;
; WIDTH_BYTEENA_B                    ; 1                    ; Untyped                                    ;
; RAM_BLOCK_TYPE                     ; AUTO                 ; Untyped                                    ;
; BYTE_SIZE                          ; 8                    ; Untyped                                    ;
; READ_DURING_WRITE_MODE_MIXED_PORTS ; OLD_DATA             ; Untyped                                    ;
; READ_DURING_WRITE_MODE_PORT_A      ; NEW_DATA_NO_NBE_READ ; Untyped                                    ;
; READ_DURING_WRITE_MODE_PORT_B      ; NEW_DATA_NO_NBE_READ ; Untyped                                    ;
; INIT_FILE                          ; UNUSED               ; Untyped                                    ;
; INIT_FILE_LAYOUT                   ; PORT_A               ; Untyped                                    ;
; MAXIMUM_DEPTH                      ; 0                    ; Untyped                                    ;
; CLOCK_ENABLE_INPUT_A               ; NORMAL               ; Untyped                                    ;
; CLOCK_ENABLE_INPUT_B               ; NORMAL               ; Untyped                                    ;
; CLOCK_ENABLE_OUTPUT_A              ; NORMAL               ; Untyped                                    ;
; CLOCK_ENABLE_OUTPUT_B              ; NORMAL               ; Untyped                                    ;
; CLOCK_ENABLE_CORE_A                ; USE_INPUT_CLKEN      ; Untyped                                    ;
; CLOCK_ENABLE_CORE_B                ; USE_INPUT_CLKEN      ; Untyped                                    ;
; ENABLE_ECC                         ; FALSE                ; Untyped                                    ;
; ECC_PIPELINE_STAGE_ENABLED         ; FALSE                ; Untyped                                    ;
; WIDTH_ECCSTATUS                    ; 3                    ; Untyped                                    ;
; DEVICE_FAMILY                      ; Cyclone II           ; Untyped                                    ;
; CBXI_PARAMETER                     ; altsyncram_cug1      ; Untyped                                    ;
+------------------------------------+----------------------+--------------------------------------------+
Note: In order to hide this table in the UI and the text report file, please set the "Show Parameter Settings in Synthesis Report" option in "Analysis and Synthesis Settings -> More Settings" to "Off".


+-------------------------------------------------------------------------------------------------------+
; altsyncram Parameter Settings by Entity Instance                                                      ;
+-------------------------------------------+-----------------------------------------------------------+
; Name                                      ; Value                                                     ;
+-------------------------------------------+-----------------------------------------------------------+
; Number of entity instances                ; 1                                                         ;
; Entity Instance                           ; g24_possibility_table:table|altsyncram:table_memory[0]__1 ;
;     -- OPERATION_MODE                     ; DUAL_PORT                                                 ;
;     -- WIDTH_A                            ; 1                                                         ;
;     -- NUMWORDS_A                         ; 4096                                                      ;
;     -- OUTDATA_REG_A                      ; UNREGISTERED                                              ;
;     -- WIDTH_B                            ; 1                                                         ;
;     -- NUMWORDS_B                         ; 4096                                                      ;
;     -- ADDRESS_REG_B                      ; CLOCK0                                                    ;
;     -- OUTDATA_REG_B                      ; UNREGISTERED                                              ;
;     -- RAM_BLOCK_TYPE                     ; AUTO                                                      ;
;     -- READ_DURING_WRITE_MODE_MIXED_PORTS ; OLD_DATA                                                  ;
+-------------------------------------------+-----------------------------------------------------------+


+--------------------------------------------------+
; Port Connectivity Checks: "g24_comp6:comparison" ;
+---------+-------+----------+---------------------+
; Port    ; Type  ; Severity ; Details             ;
+---------+-------+----------+---------------------+
; a[5..4] ; Input ; Info     ; Stuck at GND        ;
; b[5..4] ; Input ; Info     ; Stuck at GND        ;
+---------+-------+----------+---------------------+


+------------------------------------------------------------------------------------------------------------------------+
; Port Connectivity Checks: "g24_possibility_table:table|color_counter:color_counter3"                                   ;
+--------------+--------+----------+-------------------------------------------------------------------------------------+
; Port         ; Type   ; Severity ; Details                                                                             ;
+--------------+--------+----------+-------------------------------------------------------------------------------------+
; last_reached ; Output ; Info     ; Connected to dangling logic. Logic that only feeds a dangling port will be removed. ;
+--------------+--------+----------+-------------------------------------------------------------------------------------+


+--------------------------------------------------------------------------------------------------+
; Port Connectivity Checks: "g24_mastermind_score:master_score|g24_num_matches:nm|g24_comp6:comp4" ;
+---------+-------+----------+---------------------------------------------------------------------+
; Port    ; Type  ; Severity ; Details                                                             ;
+---------+-------+----------+---------------------------------------------------------------------+
; a[5..3] ; Input ; Info     ; Stuck at GND                                                        ;
; b[5..3] ; Input ; Info     ; Stuck at GND                                                        ;
+---------+-------+----------+---------------------------------------------------------------------+


+--------------------------------------------------------------------------------------------------+
; Port Connectivity Checks: "g24_mastermind_score:master_score|g24_num_matches:nm|g24_comp6:comp3" ;
+---------+-------+----------+---------------------------------------------------------------------+
; Port    ; Type  ; Severity ; Details                                                             ;
+---------+-------+----------+---------------------------------------------------------------------+
; a[5..3] ; Input ; Info     ; Stuck at GND                                                        ;
; b[5..3] ; Input ; Info     ; Stuck at GND                                                        ;
+---------+-------+----------+---------------------------------------------------------------------+


+--------------------------------------------------------------------------------------------------+
; Port Connectivity Checks: "g24_mastermind_score:master_score|g24_num_matches:nm|g24_comp6:comp2" ;
+---------+-------+----------+---------------------------------------------------------------------+
; Port    ; Type  ; Severity ; Details                                                             ;
+---------+-------+----------+---------------------------------------------------------------------+
; a[5..3] ; Input ; Info     ; Stuck at GND                                                        ;
; b[5..3] ; Input ; Info     ; Stuck at GND                                                        ;
+---------+-------+----------+---------------------------------------------------------------------+


+--------------------------------------------------------------------------------------------------+
; Port Connectivity Checks: "g24_mastermind_score:master_score|g24_num_matches:nm|g24_comp6:comp1" ;
+---------+-------+----------+---------------------------------------------------------------------+
; Port    ; Type  ; Severity ; Details                                                             ;
+---------+-------+----------+---------------------------------------------------------------------+
; a[5..3] ; Input ; Info     ; Stuck at GND                                                        ;
; b[5..3] ; Input ; Info     ; Stuck at GND                                                        ;
+---------+-------+----------+---------------------------------------------------------------------+


+-------------------------------+
; Elapsed Time Per Partition    ;
+----------------+--------------+
; Partition Name ; Elapsed Time ;
+----------------+--------------+
; Top            ; 00:00:14     ;
+----------------+--------------+


+-------------------------------+
; Analysis & Synthesis Messages ;
+-------------------------------+
Info: *******************************************************************
Info: Running Quartus II 64-Bit Analysis & Synthesis
    Info: Version 13.0.1 Build 232 06/12/2013 Service Pack 1 SJ Full Version
    Info: Processing started: Sat Dec 05 16:32:07 2015
Info: Command: quartus_map --read_settings_files=on --write_settings_files=off user_pins -c user_pins
Info (20030): Parallel compilation is enabled and will use 4 of the 4 processors detected
Info (12021): Found 2 design units, including 1 entities, in source file /323/lab5/user_input/user_input.vhd
    Info (12022): Found design unit 1: user_input-behavior
    Info (12023): Found entity 1: user_input
Info (12021): Found 2 design units, including 1 entities, in source file /323/lab5/user_input/user_pins.vhd
    Info (12022): Found design unit 1: user_pins-arch
    Info (12023): Found entity 1: user_pins
Info (12021): Found 2 design units, including 1 entities, in source file /323/lab5/g24_score_encoder.vhd
    Info (12022): Found design unit 1: g24_score_encoder-arch
    Info (12023): Found entity 1: g24_score_encoder
Info (12021): Found 2 design units, including 1 entities, in source file /323/lab5/color_counter.vhd
    Info (12022): Found design unit 1: color_counter-behavior
    Info (12023): Found entity 1: color_counter
Info (12021): Found 2 design units, including 1 entities, in source file /323/lab5/datapath.vhd
    Info (12022): Found design unit 1: datapath-bdf_type
    Info (12023): Found entity 1: datapath
Info (12021): Found 2 design units, including 1 entities, in source file /323/lab5/g24_7_segment_decoder.vhd
    Info (12022): Found design unit 1: g24_7_segment_decoder-arch
    Info (12023): Found entity 1: g24_7_segment_decoder
Info (12021): Found 2 design units, including 1 entities, in source file /323/lab5/g24_color_matches.vhd
    Info (12022): Found design unit 1: g24_color_matches-arch
    Info (12023): Found entity 1: g24_color_matches
Info (12021): Found 2 design units, including 1 entities, in source file /323/lab5/g24_comp6.vhd
    Info (12022): Found design unit 1: g24_comp6-bdf_type
    Info (12023): Found entity 1: g24_comp6
Info (12021): Found 2 design units, including 1 entities, in source file /323/lab5/g24_mastermind_controller.vhd
    Info (12022): Found design unit 1: g24_mastermind_controller-arch
    Info (12023): Found entity 1: g24_mastermind_controller
Info (12021): Found 2 design units, including 1 entities, in source file /323/lab5/g24_mastermind_score.vhd
    Info (12022): Found design unit 1: g24_mastermind_score-arch
    Info (12023): Found entity 1: g24_mastermind_score
Info (12021): Found 2 design units, including 1 entities, in source file /323/lab5/g24_minimum3.vhd
    Info (12022): Found design unit 1: g24_minimum3-arch
    Info (12023): Found entity 1: g24_minimum3
Info (12021): Found 2 design units, including 1 entities, in source file /323/lab5/g24_num_matches.vhd
    Info (12022): Found design unit 1: g24_num_matches-a
    Info (12023): Found entity 1: g24_num_matches
Info (12021): Found 2 design units, including 1 entities, in source file /323/lab5/g24_num1s.vhd
    Info (12022): Found design unit 1: g24_num1s-bdf_type
    Info (12023): Found entity 1: g24_num1s
Info (12021): Found 2 design units, including 1 entities, in source file /323/lab5/g24_possibility_table.vhd
    Info (12022): Found design unit 1: g24_possibility_table-behavior
    Info (12023): Found entity 1: g24_possibility_table
Info (12021): Found 2 design units, including 1 entities, in source file /323/lab5/random_generator/random_generator.vhd
    Info (12022): Found design unit 1: random_generator-behavior
    Info (12023): Found entity 1: random_generator
Info (12127): Elaborating entity "datapath" for the top level hierarchy
Warning (10541): VHDL Signal Declaration warning at datapath.vhd(87): used implicit default value for signal "first_half_eq" because signal was never assigned a value or an explicit default value. Use of implicit default value may introduce unintended design optimizations.
Warning (10541): VHDL Signal Declaration warning at datapath.vhd(87): used implicit default value for signal "second_half_eq" because signal was never assigned a value or an explicit default value. Use of implicit default value may introduce unintended design optimizations.
Info (12128): Elaborating entity "g24_mastermind_score" for hierarchy "g24_mastermind_score:master_score"
Info (12128): Elaborating entity "g24_num_matches" for hierarchy "g24_mastermind_score:master_score|g24_num_matches:nm"
Info (12128): Elaborating entity "g24_comp6" for hierarchy "g24_mastermind_score:master_score|g24_num_matches:nm|g24_comp6:comp1"
Info (12128): Elaborating entity "g24_num1s" for hierarchy "g24_mastermind_score:master_score|g24_num_matches:nm|g24_num1s:comp"
Info (12128): Elaborating entity "g24_color_matches" for hierarchy "g24_mastermind_score:master_score|g24_color_matches:cm"
Info (12128): Elaborating entity "lpm_decode" for hierarchy "g24_mastermind_score:master_score|g24_color_matches:cm|lpm_decode:ld1"
Info (12130): Elaborated megafunction instantiation "g24_mastermind_score:master_score|g24_color_matches:cm|lpm_decode:ld1"
Info (12133): Instantiated megafunction "g24_mastermind_score:master_score|g24_color_matches:cm|lpm_decode:ld1" with the following parameter:
    Info (12134): Parameter "lpm_decodes" = "8"
    Info (12134): Parameter "lpm_type" = "LPM_DECODE"
    Info (12134): Parameter "lpm_width" = "3"
Info (12021): Found 1 design units, including 1 entities, in source file db/decode_s6f.tdf
    Info (12023): Found entity 1: decode_s6f
Info (12128): Elaborating entity "decode_s6f" for hierarchy "g24_mastermind_score:master_score|g24_color_matches:cm|lpm_decode:ld1|decode_s6f:auto_generated"
Info (12128): Elaborating entity "g24_minimum3" for hierarchy "g24_mastermind_score:master_score|g24_color_matches:cm|g24_minimum3:min1"
Info (12128): Elaborating entity "g24_score_encoder" for hierarchy "g24_mastermind_score:master_score|g24_score_encoder:se"
Info (12128): Elaborating entity "g24_possibility_table" for hierarchy "g24_possibility_table:table"
Warning (10631): VHDL Process Statement warning at g24_possibility_table.vhd(106): inferring latch(es) for signal or variable "last_reached", which holds its previous value in one or more paths through the process
Info (10041): Inferred latch for "last_reached" at g24_possibility_table.vhd(106)
Info (12128): Elaborating entity "color_counter" for hierarchy "g24_possibility_table:table|color_counter:color_counter0"
Info (12128): Elaborating entity "altsyncram" for hierarchy "g24_possibility_table:table|altsyncram:table_memory[0]__1"
Info (12130): Elaborated megafunction instantiation "g24_possibility_table:table|altsyncram:table_memory[0]__1"
Info (12133): Instantiated megafunction "g24_possibility_table:table|altsyncram:table_memory[0]__1" with the following parameter:
    Info (12134): Parameter "OPERATION_MODE" = "DUAL_PORT"
    Info (12134): Parameter "WIDTH_A" = "1"
    Info (12134): Parameter "WIDTHAD_A" = "12"
    Info (12134): Parameter "NUMWORDS_A" = "4096"
    Info (12134): Parameter "WIDTH_B" = "1"
    Info (12134): Parameter "WIDTHAD_B" = "12"
    Info (12134): Parameter "NUMWORDS_B" = "4096"
    Info (12134): Parameter "ADDRESS_ACLR_A" = "NONE"
    Info (12134): Parameter "OUTDATA_REG_B" = "UNREGISTERED"
    Info (12134): Parameter "ADDRESS_ACLR_B" = "NONE"
    Info (12134): Parameter "OUTDATA_ACLR_B" = "NONE"
    Info (12134): Parameter "ADDRESS_REG_B" = "CLOCK0"
    Info (12134): Parameter "INDATA_ACLR_A" = "NONE"
    Info (12134): Parameter "WRCONTROL_ACLR_A" = "NONE"
    Info (12134): Parameter "READ_DURING_WRITE_MODE_MIXED_PORTS" = "OLD_DATA"
Info (12021): Found 1 design units, including 1 entities, in source file db/altsyncram_cug1.tdf
    Info (12023): Found entity 1: altsyncram_cug1
Info (12128): Elaborating entity "altsyncram_cug1" for hierarchy "g24_possibility_table:table|altsyncram:table_memory[0]__1|altsyncram_cug1:auto_generated"
Warning (13024): Output pins are stuck at VCC or GND
    Warning (13410): Pin "PG_EQ" is stuck at GND
Info (16010): Generating hard_block partition "hard_block:auto_generated_inst"
    Info (16011): Adding 0 node(s), including 0 DDIO, 0 PLL, 0 transceiver and 0 LCELL
Info (21057): Implemented 268 device resources after synthesis - the final resource count might be different
    Info (21058): Implemented 34 input pins
    Info (21059): Implemented 22 output pins
    Info (21061): Implemented 211 logic cells
    Info (21064): Implemented 1 RAM segments
Info: Quartus II 64-Bit Analysis & Synthesis was successful. 0 errors, 5 warnings
    Info: Peak virtual memory: 535 megabytes
    Info: Processing ended: Sat Dec 05 16:33:11 2015
    Info: Elapsed time: 00:01:04
    Info: Total CPU time (on all processors): 00:00:03


