Analysis & Synthesis report for pin_display
Wed Dec 02 11:55:02 2015
Quartus II 64-Bit Version 13.0.1 Build 232 06/12/2013 Service Pack 1 SJ Full Version


---------------------
; Table of Contents ;
---------------------
  1. Legal Notice
  2. Analysis & Synthesis Summary
  3. Analysis & Synthesis Settings
  4. Parallel Compilation
  5. Analysis & Synthesis Source Files Read
  6. Analysis & Synthesis Resource Usage Summary
  7. Analysis & Synthesis Resource Utilization by Entity
  8. Registers Removed During Synthesis
  9. Removed Registers Triggering Further Register Optimizations
 10. General Register Statistics
 11. Source assignments for random_generator:rando|g24_possibility_table:i1|altsyncram:table_memory[0]__1|altsyncram_cug1:auto_generated
 12. Parameter Settings for User Entity Instance: random_generator:rando|g24_possibility_table:i1|altsyncram:table_memory[0]__1
 13. altsyncram Parameter Settings by Entity Instance
 14. Port Connectivity Checks: "random_generator:rando|g24_possibility_table:i1|color_counter:color_counter3"
 15. Port Connectivity Checks: "random_generator:rando|g24_possibility_table:i1"
 16. Port Connectivity Checks: "g24_7_segment_decoder:dec3"
 17. Port Connectivity Checks: "g24_7_segment_decoder:dec2"
 18. Port Connectivity Checks: "g24_7_segment_decoder:dec1"
 19. Port Connectivity Checks: "g24_7_segment_decoder:dec0"
 20. Elapsed Time Per Partition
 21. Analysis & Synthesis Messages



----------------
; Legal Notice ;
----------------
Copyright (C) 1991-2013 Altera Corporation
Your use of Altera Corporation's design tools, logic functions 
and other software and tools, and its AMPP partner logic 
functions, and any output files from any of the foregoing 
(including device programming or simulation files), and any 
associated documentation or information are expressly subject 
to the terms and conditions of the Altera Program License 
Subscription Agreement, Altera MegaCore Function License 
Agreement, or other applicable license agreement, including, 
without limitation, that your use is for the sole purpose of 
programming logic devices manufactured by Altera and sold by 
Altera or its authorized distributors.  Please refer to the 
applicable agreement for further details.



+---------------------------------------------------------------------------------------+
; Analysis & Synthesis Summary                                                          ;
+------------------------------------+--------------------------------------------------+
; Analysis & Synthesis Status        ; Successful - Wed Dec 02 11:55:02 2015            ;
; Quartus II 64-Bit Version          ; 13.0.1 Build 232 06/12/2013 SP 1 SJ Full Version ;
; Revision Name                      ; pin_display                                      ;
; Top-level Entity Name              ; pin_display                                      ;
; Family                             ; Cyclone II                                       ;
; Total logic elements               ; 0                                                ;
;     Total combinational functions  ; 0                                                ;
;     Dedicated logic registers      ; 0                                                ;
; Total registers                    ; 0                                                ;
; Total pins                         ; 30                                               ;
; Total virtual pins                 ; 0                                                ;
; Total memory bits                  ; 0                                                ;
; Embedded Multiplier 9-bit elements ; 0                                                ;
; Total PLLs                         ; 0                                                ;
+------------------------------------+--------------------------------------------------+


+----------------------------------------------------------------------------------------------------------------------+
; Analysis & Synthesis Settings                                                                                        ;
+----------------------------------------------------------------------------+--------------------+--------------------+
; Option                                                                     ; Setting            ; Default Value      ;
+----------------------------------------------------------------------------+--------------------+--------------------+
; Device                                                                     ; EP2C20F484C7       ;                    ;
; Top-level entity name                                                      ; pin_display        ; pin_display        ;
; Family name                                                                ; Cyclone II         ; Cyclone IV GX      ;
; Use smart compilation                                                      ; Off                ; Off                ;
; Enable parallel Assembler and TimeQuest Timing Analyzer during compilation ; On                 ; On                 ;
; Enable compact report table                                                ; Off                ; Off                ;
; Restructure Multiplexers                                                   ; Auto               ; Auto               ;
; Create Debugging Nodes for IP Cores                                        ; Off                ; Off                ;
; Preserve fewer node names                                                  ; On                 ; On                 ;
; Disable OpenCore Plus hardware evaluation                                  ; Off                ; Off                ;
; Verilog Version                                                            ; Verilog_2001       ; Verilog_2001       ;
; VHDL Version                                                               ; VHDL_1993          ; VHDL_1993          ;
; State Machine Processing                                                   ; Auto               ; Auto               ;
; Safe State Machine                                                         ; Off                ; Off                ;
; Extract Verilog State Machines                                             ; On                 ; On                 ;
; Extract VHDL State Machines                                                ; On                 ; On                 ;
; Ignore Verilog initial constructs                                          ; Off                ; Off                ;
; Iteration limit for constant Verilog loops                                 ; 5000               ; 5000               ;
; Iteration limit for non-constant Verilog loops                             ; 250                ; 250                ;
; Add Pass-Through Logic to Inferred RAMs                                    ; On                 ; On                 ;
; Infer RAMs from Raw Logic                                                  ; On                 ; On                 ;
; Parallel Synthesis                                                         ; On                 ; On                 ;
; DSP Block Balancing                                                        ; Auto               ; Auto               ;
; NOT Gate Push-Back                                                         ; On                 ; On                 ;
; Power-Up Don't Care                                                        ; On                 ; On                 ;
; Remove Redundant Logic Cells                                               ; Off                ; Off                ;
; Remove Duplicate Registers                                                 ; On                 ; On                 ;
; Ignore CARRY Buffers                                                       ; Off                ; Off                ;
; Ignore CASCADE Buffers                                                     ; Off                ; Off                ;
; Ignore GLOBAL Buffers                                                      ; Off                ; Off                ;
; Ignore ROW GLOBAL Buffers                                                  ; Off                ; Off                ;
; Ignore LCELL Buffers                                                       ; Off                ; Off                ;
; Ignore SOFT Buffers                                                        ; On                 ; On                 ;
; Limit AHDL Integers to 32 Bits                                             ; Off                ; Off                ;
; Optimization Technique                                                     ; Balanced           ; Balanced           ;
; Carry Chain Length                                                         ; 70                 ; 70                 ;
; Auto Carry Chains                                                          ; On                 ; On                 ;
; Auto Open-Drain Pins                                                       ; On                 ; On                 ;
; Perform WYSIWYG Primitive Resynthesis                                      ; Off                ; Off                ;
; Auto ROM Replacement                                                       ; On                 ; On                 ;
; Auto RAM Replacement                                                       ; On                 ; On                 ;
; Auto Shift Register Replacement                                            ; Auto               ; Auto               ;
; Allow Shift Register Merging across Hierarchies                            ; Auto               ; Auto               ;
; Auto Clock Enable Replacement                                              ; On                 ; On                 ;
; Strict RAM Replacement                                                     ; Off                ; Off                ;
; Allow Synchronous Control Signals                                          ; On                 ; On                 ;
; Force Use of Synchronous Clear Signals                                     ; Off                ; Off                ;
; Auto RAM to Logic Cell Conversion                                          ; Off                ; Off                ;
; Auto Resource Sharing                                                      ; Off                ; Off                ;
; Allow Any RAM Size For Recognition                                         ; Off                ; Off                ;
; Allow Any ROM Size For Recognition                                         ; Off                ; Off                ;
; Allow Any Shift Register Size For Recognition                              ; Off                ; Off                ;
; Use LogicLock Constraints during Resource Balancing                        ; On                 ; On                 ;
; Ignore translate_off and synthesis_off directives                          ; Off                ; Off                ;
; Timing-Driven Synthesis                                                    ; Off                ; Off                ;
; Report Parameter Settings                                                  ; On                 ; On                 ;
; Report Source Assignments                                                  ; On                 ; On                 ;
; Report Connectivity Checks                                                 ; On                 ; On                 ;
; Ignore Maximum Fan-Out Assignments                                         ; Off                ; Off                ;
; Synchronization Register Chain Length                                      ; 2                  ; 2                  ;
; PowerPlay Power Optimization                                               ; Normal compilation ; Normal compilation ;
; HDL message level                                                          ; Level2             ; Level2             ;
; Suppress Register Optimization Related Messages                            ; Off                ; Off                ;
; Number of Removed Registers Reported in Synthesis Report                   ; 5000               ; 5000               ;
; Number of Swept Nodes Reported in Synthesis Report                         ; 5000               ; 5000               ;
; Number of Inverted Registers Reported in Synthesis Report                  ; 100                ; 100                ;
; Clock MUX Protection                                                       ; On                 ; On                 ;
; Auto Gated Clock Conversion                                                ; Off                ; Off                ;
; Block Design Naming                                                        ; Auto               ; Auto               ;
; SDC constraint protection                                                  ; Off                ; Off                ;
; Synthesis Effort                                                           ; Auto               ; Auto               ;
; Shift Register Replacement - Allow Asynchronous Clear Signal               ; On                 ; On                 ;
; Pre-Mapping Resynthesis Optimization                                       ; Off                ; Off                ;
; Analysis & Synthesis Message Level                                         ; Medium             ; Medium             ;
; Disable Register Merging Across Hierarchies                                ; Auto               ; Auto               ;
; Resource Aware Inference For Block RAM                                     ; On                 ; On                 ;
; Synthesis Seed                                                             ; 1                  ; 1                  ;
+----------------------------------------------------------------------------+--------------------+--------------------+


+------------------------------------------+
; Parallel Compilation                     ;
+----------------------------+-------------+
; Processors                 ; Number      ;
+----------------------------+-------------+
; Number detected on machine ; 8           ;
; Maximum allowed            ; 4           ;
;                            ;             ;
; Average used               ; 1.00        ;
; Maximum used               ; 1           ;
;                            ;             ;
; Usage by Processor         ; % Time Used ;
;     Processor 1            ; 100.0%      ;
;     Processors 2-8         ;   0.0%      ;
+----------------------------+-------------+


+-----------------------------------------------------------------------------------------------------------------------------------------------------------------------------------------+
; Analysis & Synthesis Source Files Read                                                                                                                                                  ;
+----------------------------------------------------+-----------------+------------------------------+-------------------------------------------------------------------------+---------+
; File Name with User-Entered Path                   ; Used in Netlist ; File Type                    ; File Name with Absolute Path                                            ; Library ;
+----------------------------------------------------+-----------------+------------------------------+-------------------------------------------------------------------------+---------+
; ../../lab4/lab4/datapath/color_counter.vhd         ; yes             ; User VHDL File               ; P:/323/lab4/lab4/datapath/color_counter.vhd                             ;         ;
; ../../lab4/lab4/datapath/g24_possibility_table.vhd ; yes             ; User VHDL File               ; P:/323/lab4/lab4/datapath/g24_possibility_table.vhd                     ;         ;
; ../random_generator/random_generator.vhd           ; yes             ; User VHDL File               ; P:/323/lab5/random_generator/random_generator.vhd                       ;         ;
; pin_display.vhd                                    ; yes             ; User VHDL File               ; P:/323/lab5/pin_display/pin_display.vhd                                 ;         ;
; ../../lab3/g24_7_segment_decoder.vhd               ; yes             ; User VHDL File               ; P:/323/lab3/g24_7_segment_decoder.vhd                                   ;         ;
; altsyncram.tdf                                     ; yes             ; Megafunction                 ; c:/altera/13.0sp1/quartus/libraries/megafunctions/altsyncram.tdf        ;         ;
; stratix_ram_block.inc                              ; yes             ; Megafunction                 ; c:/altera/13.0sp1/quartus/libraries/megafunctions/stratix_ram_block.inc ;         ;
; lpm_mux.inc                                        ; yes             ; Megafunction                 ; c:/altera/13.0sp1/quartus/libraries/megafunctions/lpm_mux.inc           ;         ;
; lpm_decode.inc                                     ; yes             ; Megafunction                 ; c:/altera/13.0sp1/quartus/libraries/megafunctions/lpm_decode.inc        ;         ;
; aglobal130.inc                                     ; yes             ; Megafunction                 ; c:/altera/13.0sp1/quartus/libraries/megafunctions/aglobal130.inc        ;         ;
; a_rdenreg.inc                                      ; yes             ; Megafunction                 ; c:/altera/13.0sp1/quartus/libraries/megafunctions/a_rdenreg.inc         ;         ;
; altrom.inc                                         ; yes             ; Megafunction                 ; c:/altera/13.0sp1/quartus/libraries/megafunctions/altrom.inc            ;         ;
; altram.inc                                         ; yes             ; Megafunction                 ; c:/altera/13.0sp1/quartus/libraries/megafunctions/altram.inc            ;         ;
; altdpram.inc                                       ; yes             ; Megafunction                 ; c:/altera/13.0sp1/quartus/libraries/megafunctions/altdpram.inc          ;         ;
; db/altsyncram_cug1.tdf                             ; yes             ; Auto-Generated Megafunction  ; P:/323/lab5/pin_display/db/altsyncram_cug1.tdf                          ;         ;
+----------------------------------------------------+-----------------+------------------------------+-------------------------------------------------------------------------+---------+


+-----------------------------------------------------+
; Analysis & Synthesis Resource Usage Summary         ;
+---------------------------------------------+-------+
; Resource                                    ; Usage ;
+---------------------------------------------+-------+
;                                             ;       ;
; Total combinational functions               ; 0     ;
; Logic element usage by number of LUT inputs ;       ;
;     -- 4 input functions                    ; 0     ;
;     -- 3 input functions                    ; 0     ;
;     -- <=2 input functions                  ; 0     ;
;                                             ;       ;
; Logic elements by mode                      ;       ;
;     -- normal mode                          ; 0     ;
;     -- arithmetic mode                      ; 0     ;
;                                             ;       ;
; Total registers                             ; 0     ;
;     -- Dedicated logic registers            ; 0     ;
;     -- I/O registers                        ; 0     ;
;                                             ;       ;
; I/O pins                                    ; 30    ;
; Embedded Multiplier 9-bit elements          ; 0     ;
+---------------------------------------------+-------+


+-----------------------------------------------------------------------------------------------------------------------------------------------------------------------------+
; Analysis & Synthesis Resource Utilization by Entity                                                                                                                         ;
+----------------------------+-------------------+--------------+-------------+--------------+---------+-----------+------+--------------+---------------------+--------------+
; Compilation Hierarchy Node ; LC Combinationals ; LC Registers ; Memory Bits ; DSP Elements ; DSP 9x9 ; DSP 18x18 ; Pins ; Virtual Pins ; Full Hierarchy Name ; Library Name ;
+----------------------------+-------------------+--------------+-------------+--------------+---------+-----------+------+--------------+---------------------+--------------+
; |pin_display               ; 0 (0)             ; 0 (0)        ; 0           ; 0            ; 0       ; 0         ; 30   ; 0            ; |pin_display        ; work         ;
+----------------------------+-------------------+--------------+-------------+--------------+---------+-----------+------+--------------+---------------------+--------------+
Note: For table entries with two numbers listed, the numbers in parentheses indicate the number of resources of the given type used by the specific entity alone. The numbers listed outside of parentheses indicate the total resources of the given type used by the specific entity and all of its sub-entities in the hierarchy.


+---------------------------------------------------------------------------------------------------------------+
; Registers Removed During Synthesis                                                                            ;
+------------------------------------------------------------------------------------------+--------------------+
; Register name                                                                            ; Reason for Removal ;
+------------------------------------------------------------------------------------------+--------------------+
; saved[0]                                                                                 ; Lost fanout        ;
; random_generator:rando|PATTERN[0]                                                        ; Lost fanout        ;
; saved[1]                                                                                 ; Lost fanout        ;
; random_generator:rando|PATTERN[1]                                                        ; Lost fanout        ;
; saved[2]                                                                                 ; Lost fanout        ;
; random_generator:rando|PATTERN[2]                                                        ; Lost fanout        ;
; saved[3]                                                                                 ; Lost fanout        ;
; random_generator:rando|PATTERN[3]                                                        ; Lost fanout        ;
; saved[4]                                                                                 ; Lost fanout        ;
; random_generator:rando|PATTERN[4]                                                        ; Lost fanout        ;
; saved[5]                                                                                 ; Lost fanout        ;
; random_generator:rando|PATTERN[5]                                                        ; Lost fanout        ;
; saved[6]                                                                                 ; Lost fanout        ;
; random_generator:rando|PATTERN[6]                                                        ; Lost fanout        ;
; saved[7]                                                                                 ; Lost fanout        ;
; random_generator:rando|PATTERN[7]                                                        ; Lost fanout        ;
; saved[8]                                                                                 ; Lost fanout        ;
; random_generator:rando|PATTERN[8]                                                        ; Lost fanout        ;
; saved[9]                                                                                 ; Lost fanout        ;
; random_generator:rando|PATTERN[9]                                                        ; Lost fanout        ;
; saved[10]                                                                                ; Lost fanout        ;
; random_generator:rando|PATTERN[10]                                                       ; Lost fanout        ;
; saved[11]                                                                                ; Lost fanout        ;
; random_generator:rando|PATTERN[11]                                                       ; Lost fanout        ;
; random_generator:rando|g24_possibility_table:i1|color_counter:color_counter0|color[0..2] ; Lost fanout        ;
; random_generator:rando|g24_possibility_table:i1|color_counter:color_counter1|color[0..2] ; Lost fanout        ;
; random_generator:rando|g24_possibility_table:i1|color_counter:color_counter2|color[0..2] ; Lost fanout        ;
; random_generator:rando|g24_possibility_table:i1|color_counter:color_counter3|color[0..2] ; Lost fanout        ;
; random_generator:rando|reset                                                             ; Lost fanout        ;
; Total Number of Removed Registers = 37                                                   ;                    ;
+------------------------------------------------------------------------------------------+--------------------+


+-----------------------------------------------------------------------------------------------------------------------------+
; Removed Registers Triggering Further Register Optimizations                                                                 ;
+---------------+--------------------+----------------------------------------------------------------------------------------+
; Register name ; Reason for Removal ; Registers Removed due to This Register                                                 ;
+---------------+--------------------+----------------------------------------------------------------------------------------+
; saved[0]      ; Lost Fanouts       ; random_generator:rando|PATTERN[0],                                                     ;
;               ;                    ; random_generator:rando|g24_possibility_table:i1|color_counter:color_counter0|color[0], ;
;               ;                    ; random_generator:rando|reset                                                           ;
; saved[1]      ; Lost Fanouts       ; random_generator:rando|PATTERN[1],                                                     ;
;               ;                    ; random_generator:rando|g24_possibility_table:i1|color_counter:color_counter0|color[1]  ;
; saved[2]      ; Lost Fanouts       ; random_generator:rando|PATTERN[2],                                                     ;
;               ;                    ; random_generator:rando|g24_possibility_table:i1|color_counter:color_counter0|color[2]  ;
; saved[3]      ; Lost Fanouts       ; random_generator:rando|PATTERN[3],                                                     ;
;               ;                    ; random_generator:rando|g24_possibility_table:i1|color_counter:color_counter1|color[0]  ;
; saved[4]      ; Lost Fanouts       ; random_generator:rando|PATTERN[4],                                                     ;
;               ;                    ; random_generator:rando|g24_possibility_table:i1|color_counter:color_counter1|color[1]  ;
; saved[5]      ; Lost Fanouts       ; random_generator:rando|PATTERN[5],                                                     ;
;               ;                    ; random_generator:rando|g24_possibility_table:i1|color_counter:color_counter1|color[2]  ;
; saved[6]      ; Lost Fanouts       ; random_generator:rando|PATTERN[6],                                                     ;
;               ;                    ; random_generator:rando|g24_possibility_table:i1|color_counter:color_counter2|color[0]  ;
; saved[7]      ; Lost Fanouts       ; random_generator:rando|PATTERN[7],                                                     ;
;               ;                    ; random_generator:rando|g24_possibility_table:i1|color_counter:color_counter2|color[1]  ;
; saved[8]      ; Lost Fanouts       ; random_generator:rando|PATTERN[8],                                                     ;
;               ;                    ; random_generator:rando|g24_possibility_table:i1|color_counter:color_counter2|color[2]  ;
; saved[9]      ; Lost Fanouts       ; random_generator:rando|PATTERN[9],                                                     ;
;               ;                    ; random_generator:rando|g24_possibility_table:i1|color_counter:color_counter3|color[0]  ;
; saved[10]     ; Lost Fanouts       ; random_generator:rando|PATTERN[10],                                                    ;
;               ;                    ; random_generator:rando|g24_possibility_table:i1|color_counter:color_counter3|color[1]  ;
; saved[11]     ; Lost Fanouts       ; random_generator:rando|PATTERN[11],                                                    ;
;               ;                    ; random_generator:rando|g24_possibility_table:i1|color_counter:color_counter3|color[2]  ;
+---------------+--------------------+----------------------------------------------------------------------------------------+


+------------------------------------------------------+
; General Register Statistics                          ;
+----------------------------------------------+-------+
; Statistic                                    ; Value ;
+----------------------------------------------+-------+
; Total registers                              ; 0     ;
; Number of registers using Synchronous Clear  ; 0     ;
; Number of registers using Synchronous Load   ; 0     ;
; Number of registers using Asynchronous Clear ; 0     ;
; Number of registers using Asynchronous Load  ; 0     ;
; Number of registers using Clock Enable       ; 0     ;
; Number of registers using Preset             ; 0     ;
+----------------------------------------------+-------+


+-------------------------------------------------------------------------------------------------------------------------------------+
; Source assignments for random_generator:rando|g24_possibility_table:i1|altsyncram:table_memory[0]__1|altsyncram_cug1:auto_generated ;
+---------------------------------+--------------------+------+-----------------------------------------------------------------------+
; Assignment                      ; Value              ; From ; To                                                                    ;
+---------------------------------+--------------------+------+-----------------------------------------------------------------------+
; OPTIMIZE_POWER_DURING_SYNTHESIS ; NORMAL_COMPILATION ; -    ; -                                                                     ;
+---------------------------------+--------------------+------+-----------------------------------------------------------------------+


+----------------------------------------------------------------------------------------------------------------------------+
; Parameter Settings for User Entity Instance: random_generator:rando|g24_possibility_table:i1|altsyncram:table_memory[0]__1 ;
+------------------------------------+----------------------+----------------------------------------------------------------+
; Parameter Name                     ; Value                ; Type                                                           ;
+------------------------------------+----------------------+----------------------------------------------------------------+
; BYTE_SIZE_BLOCK                    ; 8                    ; Untyped                                                        ;
; AUTO_CARRY_CHAINS                  ; ON                   ; AUTO_CARRY                                                     ;
; IGNORE_CARRY_BUFFERS               ; OFF                  ; IGNORE_CARRY                                                   ;
; AUTO_CASCADE_CHAINS                ; ON                   ; AUTO_CASCADE                                                   ;
; IGNORE_CASCADE_BUFFERS             ; OFF                  ; IGNORE_CASCADE                                                 ;
; WIDTH_BYTEENA                      ; 1                    ; Untyped                                                        ;
; OPERATION_MODE                     ; DUAL_PORT            ; Untyped                                                        ;
; WIDTH_A                            ; 1                    ; Untyped                                                        ;
; WIDTHAD_A                          ; 12                   ; Untyped                                                        ;
; NUMWORDS_A                         ; 4096                 ; Untyped                                                        ;
; OUTDATA_REG_A                      ; UNREGISTERED         ; Untyped                                                        ;
; ADDRESS_ACLR_A                     ; NONE                 ; Untyped                                                        ;
; OUTDATA_ACLR_A                     ; NONE                 ; Untyped                                                        ;
; WRCONTROL_ACLR_A                   ; NONE                 ; Untyped                                                        ;
; INDATA_ACLR_A                      ; NONE                 ; Untyped                                                        ;
; BYTEENA_ACLR_A                     ; NONE                 ; Untyped                                                        ;
; WIDTH_B                            ; 1                    ; Untyped                                                        ;
; WIDTHAD_B                          ; 12                   ; Untyped                                                        ;
; NUMWORDS_B                         ; 4096                 ; Untyped                                                        ;
; INDATA_REG_B                       ; CLOCK1               ; Untyped                                                        ;
; WRCONTROL_WRADDRESS_REG_B          ; CLOCK1               ; Untyped                                                        ;
; RDCONTROL_REG_B                    ; CLOCK1               ; Untyped                                                        ;
; ADDRESS_REG_B                      ; CLOCK0               ; Untyped                                                        ;
; OUTDATA_REG_B                      ; UNREGISTERED         ; Untyped                                                        ;
; BYTEENA_REG_B                      ; CLOCK1               ; Untyped                                                        ;
; INDATA_ACLR_B                      ; NONE                 ; Untyped                                                        ;
; WRCONTROL_ACLR_B                   ; NONE                 ; Untyped                                                        ;
; ADDRESS_ACLR_B                     ; NONE                 ; Untyped                                                        ;
; OUTDATA_ACLR_B                     ; NONE                 ; Untyped                                                        ;
; RDCONTROL_ACLR_B                   ; NONE                 ; Untyped                                                        ;
; BYTEENA_ACLR_B                     ; NONE                 ; Untyped                                                        ;
; WIDTH_BYTEENA_A                    ; 1                    ; Untyped                                                        ;
; WIDTH_BYTEENA_B                    ; 1                    ; Untyped                                                        ;
; RAM_BLOCK_TYPE                     ; AUTO                 ; Untyped                                                        ;
; BYTE_SIZE                          ; 8                    ; Untyped                                                        ;
; READ_DURING_WRITE_MODE_MIXED_PORTS ; OLD_DATA             ; Untyped                                                        ;
; READ_DURING_WRITE_MODE_PORT_A      ; NEW_DATA_NO_NBE_READ ; Untyped                                                        ;
; READ_DURING_WRITE_MODE_PORT_B      ; NEW_DATA_NO_NBE_READ ; Untyped                                                        ;
; INIT_FILE                          ; UNUSED               ; Untyped                                                        ;
; INIT_FILE_LAYOUT                   ; PORT_A               ; Untyped                                                        ;
; MAXIMUM_DEPTH                      ; 0                    ; Untyped                                                        ;
; CLOCK_ENABLE_INPUT_A               ; NORMAL               ; Untyped                                                        ;
; CLOCK_ENABLE_INPUT_B               ; NORMAL               ; Untyped                                                        ;
; CLOCK_ENABLE_OUTPUT_A              ; NORMAL               ; Untyped                                                        ;
; CLOCK_ENABLE_OUTPUT_B              ; NORMAL               ; Untyped                                                        ;
; CLOCK_ENABLE_CORE_A                ; USE_INPUT_CLKEN      ; Untyped                                                        ;
; CLOCK_ENABLE_CORE_B                ; USE_INPUT_CLKEN      ; Untyped                                                        ;
; ENABLE_ECC                         ; FALSE                ; Untyped                                                        ;
; ECC_PIPELINE_STAGE_ENABLED         ; FALSE                ; Untyped                                                        ;
; WIDTH_ECCSTATUS                    ; 3                    ; Untyped                                                        ;
; DEVICE_FAMILY                      ; Cyclone II           ; Untyped                                                        ;
; CBXI_PARAMETER                     ; altsyncram_cug1      ; Untyped                                                        ;
+------------------------------------+----------------------+----------------------------------------------------------------+
Note: In order to hide this table in the UI and the text report file, please set the "Show Parameter Settings in Synthesis Report" option in "Analysis and Synthesis Settings -> More Settings" to "Off".


+---------------------------------------------------------------------------------------------------------------------------+
; altsyncram Parameter Settings by Entity Instance                                                                          ;
+-------------------------------------------+-------------------------------------------------------------------------------+
; Name                                      ; Value                                                                         ;
+-------------------------------------------+-------------------------------------------------------------------------------+
; Number of entity instances                ; 1                                                                             ;
; Entity Instance                           ; random_generator:rando|g24_possibility_table:i1|altsyncram:table_memory[0]__1 ;
;     -- OPERATION_MODE                     ; DUAL_PORT                                                                     ;
;     -- WIDTH_A                            ; 1                                                                             ;
;     -- NUMWORDS_A                         ; 4096                                                                          ;
;     -- OUTDATA_REG_A                      ; UNREGISTERED                                                                  ;
;     -- WIDTH_B                            ; 1                                                                             ;
;     -- NUMWORDS_B                         ; 4096                                                                          ;
;     -- ADDRESS_REG_B                      ; CLOCK0                                                                        ;
;     -- OUTDATA_REG_B                      ; UNREGISTERED                                                                  ;
;     -- RAM_BLOCK_TYPE                     ; AUTO                                                                          ;
;     -- READ_DURING_WRITE_MODE_MIXED_PORTS ; OLD_DATA                                                                      ;
+-------------------------------------------+-------------------------------------------------------------------------------+


+------------------------------------------------------------------------------------------------------------------------+
; Port Connectivity Checks: "random_generator:rando|g24_possibility_table:i1|color_counter:color_counter3"               ;
+--------------+--------+----------+-------------------------------------------------------------------------------------+
; Port         ; Type   ; Severity ; Details                                                                             ;
+--------------+--------+----------+-------------------------------------------------------------------------------------+
; last_reached ; Output ; Info     ; Connected to dangling logic. Logic that only feeds a dangling port will be removed. ;
+--------------+--------+----------+-------------------------------------------------------------------------------------+


+------------------------------------------------------------------------------------------------------------------+
; Port Connectivity Checks: "random_generator:rando|g24_possibility_table:i1"                                      ;
+--------+--------+----------+-------------------------------------------------------------------------------------+
; Port   ; Type   ; Severity ; Details                                                                             ;
+--------+--------+----------+-------------------------------------------------------------------------------------+
; tc_en  ; Input  ; Info     ; Stuck at VCC                                                                        ;
; tm_in  ; Input  ; Info     ; Stuck at GND                                                                        ;
; tm_en  ; Input  ; Info     ; Stuck at GND                                                                        ;
; tm_out ; Output ; Info     ; Connected to dangling logic. Logic that only feeds a dangling port will be removed. ;
+--------+--------+----------+-------------------------------------------------------------------------------------+


+---------------------------------------------------------------------------------------------------------------------------+
; Port Connectivity Checks: "g24_7_segment_decoder:dec3"                                                                    ;
+-----------------+--------+----------+-------------------------------------------------------------------------------------+
; Port            ; Type   ; Severity ; Details                                                                             ;
+-----------------+--------+----------+-------------------------------------------------------------------------------------+
; rippleblank_in  ; Input  ; Info     ; Stuck at VCC                                                                        ;
; rippleblank_out ; Output ; Info     ; Connected to dangling logic. Logic that only feeds a dangling port will be removed. ;
+-----------------+--------+----------+-------------------------------------------------------------------------------------+


+---------------------------------------------------------------------------------------------------------------------------+
; Port Connectivity Checks: "g24_7_segment_decoder:dec2"                                                                    ;
+-----------------+--------+----------+-------------------------------------------------------------------------------------+
; Port            ; Type   ; Severity ; Details                                                                             ;
+-----------------+--------+----------+-------------------------------------------------------------------------------------+
; rippleblank_in  ; Input  ; Info     ; Stuck at VCC                                                                        ;
; rippleblank_out ; Output ; Info     ; Connected to dangling logic. Logic that only feeds a dangling port will be removed. ;
+-----------------+--------+----------+-------------------------------------------------------------------------------------+


+---------------------------------------------------------------------------------------------------------------------------+
; Port Connectivity Checks: "g24_7_segment_decoder:dec1"                                                                    ;
+-----------------+--------+----------+-------------------------------------------------------------------------------------+
; Port            ; Type   ; Severity ; Details                                                                             ;
+-----------------+--------+----------+-------------------------------------------------------------------------------------+
; rippleblank_in  ; Input  ; Info     ; Stuck at VCC                                                                        ;
; rippleblank_out ; Output ; Info     ; Connected to dangling logic. Logic that only feeds a dangling port will be removed. ;
+-----------------+--------+----------+-------------------------------------------------------------------------------------+


+---------------------------------------------------------------------------------------------------------------------------+
; Port Connectivity Checks: "g24_7_segment_decoder:dec0"                                                                    ;
+-----------------+--------+----------+-------------------------------------------------------------------------------------+
; Port            ; Type   ; Severity ; Details                                                                             ;
+-----------------+--------+----------+-------------------------------------------------------------------------------------+
; rippleblank_in  ; Input  ; Info     ; Stuck at VCC                                                                        ;
; rippleblank_out ; Output ; Info     ; Connected to dangling logic. Logic that only feeds a dangling port will be removed. ;
+-----------------+--------+----------+-------------------------------------------------------------------------------------+


+-------------------------------+
; Elapsed Time Per Partition    ;
+----------------+--------------+
; Partition Name ; Elapsed Time ;
+----------------+--------------+
; Top            ; 00:00:00     ;
+----------------+--------------+


+-------------------------------+
; Analysis & Synthesis Messages ;
+-------------------------------+
Info: *******************************************************************
Info: Running Quartus II 64-Bit Analysis & Synthesis
    Info: Version 13.0.1 Build 232 06/12/2013 Service Pack 1 SJ Full Version
    Info: Processing started: Wed Dec 02 11:54:57 2015
Info: Command: quartus_map --read_settings_files=on --write_settings_files=off pin_display -c pin_display
Info (11104): Parallel Compilation has detected 8 hyper-threaded processors. However, the extra hyper-threaded processors will not be used by default. Parallel Compilation will use 4 of the 4 physical processors detected instead.
Info (12021): Found 2 design units, including 1 entities, in source file /323/lab4/lab4/datapath/g24_score_encoder.vhd
    Info (12022): Found design unit 1: g24_score_encoder-arch
    Info (12023): Found entity 1: g24_score_encoder
Info (12021): Found 2 design units, including 1 entities, in source file /323/lab4/lab4/datapath/color_counter.vhd
    Info (12022): Found design unit 1: color_counter-behavior
    Info (12023): Found entity 1: color_counter
Info (12021): Found 2 design units, including 1 entities, in source file /323/lab4/lab4/datapath/datapath.vhd
    Info (12022): Found design unit 1: datapath-bdf_type
    Info (12023): Found entity 1: datapath
Info (12021): Found 2 design units, including 1 entities, in source file /323/lab4/lab4/datapath/g24_color_matches.vhd
    Info (12022): Found design unit 1: g24_color_matches-arch
    Info (12023): Found entity 1: g24_color_matches
Info (12021): Found 2 design units, including 1 entities, in source file /323/lab4/lab4/datapath/g24_comp6.vhd
    Info (12022): Found design unit 1: g24_comp6-bdf_type
    Info (12023): Found entity 1: g24_comp6
Info (12021): Found 2 design units, including 1 entities, in source file /323/lab4/lab4/datapath/g24_mastermind_score.vhd
    Info (12022): Found design unit 1: g24_mastermind_score-arch
    Info (12023): Found entity 1: g24_mastermind_score
Info (12021): Found 2 design units, including 1 entities, in source file /323/lab4/lab4/datapath/g24_minimum3.vhd
    Info (12022): Found design unit 1: g24_minimum3-arch
    Info (12023): Found entity 1: g24_minimum3
Info (12021): Found 2 design units, including 1 entities, in source file /323/lab4/lab4/datapath/g24_num_matches.vhd
    Info (12022): Found design unit 1: g24_num_matches-a
    Info (12023): Found entity 1: g24_num_matches
Info (12021): Found 2 design units, including 1 entities, in source file /323/lab4/lab4/datapath/g24_num1s.vhd
    Info (12022): Found design unit 1: g24_num1s-bdf_type
    Info (12023): Found entity 1: g24_num1s
Info (12021): Found 2 design units, including 1 entities, in source file /323/lab4/lab4/datapath/g24_possibility_table.vhd
    Info (12022): Found design unit 1: g24_possibility_table-behavior
    Info (12023): Found entity 1: g24_possibility_table
Info (12021): Found 2 design units, including 1 entities, in source file /323/lab5/random_generator/random_generator.vhd
    Info (12022): Found design unit 1: random_generator-behavior
    Info (12023): Found entity 1: random_generator
Info (12021): Found 2 design units, including 1 entities, in source file pin_display.vhd
    Info (12022): Found design unit 1: pin_display-arch
    Info (12023): Found entity 1: pin_display
Info (12021): Found 2 design units, including 1 entities, in source file g24_mastermind_controller.vhd
    Info (12022): Found design unit 1: g24_mastermind_controller-arch
    Info (12023): Found entity 1: g24_mastermind_controller
Info (12021): Found 2 design units, including 1 entities, in source file /323/lab3/g24_7_segment_decoder.vhd
    Info (12022): Found design unit 1: g24_7_segment_decoder-arch
    Info (12023): Found entity 1: g24_7_segment_decoder
Info (12127): Elaborating entity "pin_display" for the top level hierarchy
Info (12128): Elaborating entity "g24_7_segment_decoder" for hierarchy "g24_7_segment_decoder:dec0"
Info (12128): Elaborating entity "random_generator" for hierarchy "random_generator:rando"
Info (12128): Elaborating entity "g24_possibility_table" for hierarchy "random_generator:rando|g24_possibility_table:i1"
Warning (10631): VHDL Process Statement warning at g24_possibility_table.vhd(106): inferring latch(es) for signal or variable "last_reached", which holds its previous value in one or more paths through the process
Info (10041): Inferred latch for "last_reached" at g24_possibility_table.vhd(106)
Info (12128): Elaborating entity "color_counter" for hierarchy "random_generator:rando|g24_possibility_table:i1|color_counter:color_counter0"
Info (12128): Elaborating entity "altsyncram" for hierarchy "random_generator:rando|g24_possibility_table:i1|altsyncram:table_memory[0]__1"
Info (12130): Elaborated megafunction instantiation "random_generator:rando|g24_possibility_table:i1|altsyncram:table_memory[0]__1"
Info (12133): Instantiated megafunction "random_generator:rando|g24_possibility_table:i1|altsyncram:table_memory[0]__1" with the following parameter:
    Info (12134): Parameter "OPERATION_MODE" = "DUAL_PORT"
    Info (12134): Parameter "WIDTH_A" = "1"
    Info (12134): Parameter "WIDTHAD_A" = "12"
    Info (12134): Parameter "NUMWORDS_A" = "4096"
    Info (12134): Parameter "WIDTH_B" = "1"
    Info (12134): Parameter "WIDTHAD_B" = "12"
    Info (12134): Parameter "NUMWORDS_B" = "4096"
    Info (12134): Parameter "ADDRESS_ACLR_A" = "NONE"
    Info (12134): Parameter "OUTDATA_REG_B" = "UNREGISTERED"
    Info (12134): Parameter "ADDRESS_ACLR_B" = "NONE"
    Info (12134): Parameter "OUTDATA_ACLR_B" = "NONE"
    Info (12134): Parameter "ADDRESS_REG_B" = "CLOCK0"
    Info (12134): Parameter "INDATA_ACLR_A" = "NONE"
    Info (12134): Parameter "WRCONTROL_ACLR_A" = "NONE"
    Info (12134): Parameter "READ_DURING_WRITE_MODE_MIXED_PORTS" = "OLD_DATA"
Info (12021): Found 1 design units, including 1 entities, in source file db/altsyncram_cug1.tdf
    Info (12023): Found entity 1: altsyncram_cug1
Info (12128): Elaborating entity "altsyncram_cug1" for hierarchy "random_generator:rando|g24_possibility_table:i1|altsyncram:table_memory[0]__1|altsyncram_cug1:auto_generated"
Warning (14284): Synthesized away the following node(s):
    Warning (14285): Synthesized away the following RAM node(s):
        Warning (14320): Synthesized away node "random_generator:rando|g24_possibility_table:i1|altsyncram:table_memory[0]__1|altsyncram_cug1:auto_generated|q_b[0]"
Warning (13024): Output pins are stuck at VCC or GND
    Warning (13410): Pin "segments0[0]" is stuck at VCC
    Warning (13410): Pin "segments0[1]" is stuck at VCC
    Warning (13410): Pin "segments0[2]" is stuck at VCC
    Warning (13410): Pin "segments0[3]" is stuck at VCC
    Warning (13410): Pin "segments0[4]" is stuck at VCC
    Warning (13410): Pin "segments0[5]" is stuck at VCC
    Warning (13410): Pin "segments0[6]" is stuck at VCC
    Warning (13410): Pin "segments1[0]" is stuck at VCC
    Warning (13410): Pin "segments1[1]" is stuck at VCC
    Warning (13410): Pin "segments1[2]" is stuck at VCC
    Warning (13410): Pin "segments1[3]" is stuck at VCC
    Warning (13410): Pin "segments1[4]" is stuck at VCC
    Warning (13410): Pin "segments1[5]" is stuck at VCC
    Warning (13410): Pin "segments1[6]" is stuck at VCC
    Warning (13410): Pin "segments2[0]" is stuck at VCC
    Warning (13410): Pin "segments2[1]" is stuck at VCC
    Warning (13410): Pin "segments2[2]" is stuck at VCC
    Warning (13410): Pin "segments2[3]" is stuck at VCC
    Warning (13410): Pin "segments2[4]" is stuck at VCC
    Warning (13410): Pin "segments2[5]" is stuck at VCC
    Warning (13410): Pin "segments2[6]" is stuck at VCC
    Warning (13410): Pin "segments3[0]" is stuck at VCC
    Warning (13410): Pin "segments3[1]" is stuck at VCC
    Warning (13410): Pin "segments3[2]" is stuck at VCC
    Warning (13410): Pin "segments3[3]" is stuck at VCC
    Warning (13410): Pin "segments3[4]" is stuck at VCC
    Warning (13410): Pin "segments3[5]" is stuck at VCC
    Warning (13410): Pin "segments3[6]" is stuck at VCC
Info (17049): 37 registers lost all their fanouts during netlist optimizations.
Info (16010): Generating hard_block partition "hard_block:auto_generated_inst"
    Info (16011): Adding 0 node(s), including 0 DDIO, 0 PLL, 0 transceiver and 0 LCELL
Warning (21074): Design contains 2 input pin(s) that do not drive logic
    Warning (15610): No output dependent on input pin "CLK"
    Warning (15610): No output dependent on input pin "pushed"
Info (21057): Implemented 30 device resources after synthesis - the final resource count might be different
    Info (21058): Implemented 2 input pins
    Info (21059): Implemented 28 output pins
Info: Quartus II 64-Bit Analysis & Synthesis was successful. 0 errors, 36 warnings
    Info: Peak virtual memory: 509 megabytes
    Info: Processing ended: Wed Dec 02 11:55:02 2015
    Info: Elapsed time: 00:00:05
    Info: Total CPU time (on all processors): 00:00:02


